Analysis & Synthesis report for hdl
Mon Oct 30 14:40:37 2023
Quartus Prime Version 19.1.0 Build 670 09/22/2019 Patches 0.02std SJ Lite Edition


---------------------
; Table of Contents ;
---------------------
  1. Legal Notice
  2. Analysis & Synthesis Summary
  3. Analysis & Synthesis Settings
  4. Parallel Compilation
  5. Analysis & Synthesis IP Cores Summary
  6. Analysis & Synthesis Messages



----------------
; Legal Notice ;
----------------
Copyright (C) 2019  Intel Corporation. All rights reserved.
Your use of Intel Corporation's design tools, logic functions 
and other software and tools, and any partner logic 
functions, and any output files from any of the foregoing 
(including device programming or simulation files), and any 
associated documentation or information are expressly subject 
to the terms and conditions of the Intel Program License 
Subscription Agreement, the Intel Quartus Prime License Agreement,
the Intel FPGA IP License Agreement, or other applicable license
agreement, including, without limitation, that your use is for
the sole purpose of programming logic devices manufactured by
Intel and sold by Intel or its authorized distributors.  Please
refer to the applicable agreement for further details, at
https://fpgasoftware.intel.com/eula.



+-------------------------------------------------------------------------------------------+
; Analysis & Synthesis Summary                                                              ;
+-----------------------------+-------------------------------------------------------------+
; Analysis & Synthesis Status ; Failed - Mon Oct 30 14:40:37 2023                           ;
; Quartus Prime Version       ; 19.1.0 Build 670 09/22/2019 Patches 0.02std SJ Lite Edition ;
; Revision Name               ; hdl                                                         ;
; Top-level Entity Name       ; ElementAdditionCutBipolar_F                                 ;
; Family                      ; Cyclone V                                                   ;
; Logic utilization (in ALMs) ; N/A until Partition Merge                                   ;
; Total registers             ; N/A until Partition Merge                                   ;
; Total pins                  ; N/A until Partition Merge                                   ;
; Total virtual pins          ; N/A until Partition Merge                                   ;
; Total block memory bits     ; N/A until Partition Merge                                   ;
; Total PLLs                  ; N/A until Partition Merge                                   ;
; Total DLLs                  ; N/A until Partition Merge                                   ;
+-----------------------------+-------------------------------------------------------------+


+------------------------------------------------------------------------------------------------------------------------------------+
; Analysis & Synthesis Settings                                                                                                      ;
+---------------------------------------------------------------------------------+-----------------------------+--------------------+
; Option                                                                          ; Setting                     ; Default Value      ;
+---------------------------------------------------------------------------------+-----------------------------+--------------------+
; Device                                                                          ; 5CGXFC7C7F23C8              ;                    ;
; Top-level entity name                                                           ; ElementAdditionCutBipolar_F ; hdl                ;
; Family name                                                                     ; Cyclone V                   ; Cyclone V          ;
; Use smart compilation                                                           ; Off                         ; Off                ;
; Enable parallel Assembler and Timing Analyzer during compilation                ; On                          ; On                 ;
; Enable compact report table                                                     ; Off                         ; Off                ;
; Restructure Multiplexers                                                        ; Auto                        ; Auto               ;
; MLAB Add Timing Constraints For Mixed-Port Feed-Through Mode Setting Don't Care ; Off                         ; Off                ;
; Create Debugging Nodes for IP Cores                                             ; Off                         ; Off                ;
; Preserve fewer node names                                                       ; On                          ; On                 ;
; Intel FPGA IP Evaluation Mode                                                   ; Enable                      ; Enable             ;
; Verilog Version                                                                 ; Verilog_2001                ; Verilog_2001       ;
; VHDL Version                                                                    ; VHDL_1993                   ; VHDL_1993          ;
; State Machine Processing                                                        ; Auto                        ; Auto               ;
; Safe State Machine                                                              ; Off                         ; Off                ;
; Extract Verilog State Machines                                                  ; On                          ; On                 ;
; Extract VHDL State Machines                                                     ; On                          ; On                 ;
; Ignore Verilog initial constructs                                               ; Off                         ; Off                ;
; Iteration limit for constant Verilog loops                                      ; 5000                        ; 5000               ;
; Iteration limit for non-constant Verilog loops                                  ; 250                         ; 250                ;
; Add Pass-Through Logic to Inferred RAMs                                         ; On                          ; On                 ;
; Infer RAMs from Raw Logic                                                       ; On                          ; On                 ;
; Parallel Synthesis                                                              ; On                          ; On                 ;
; DSP Block Balancing                                                             ; Auto                        ; Auto               ;
; NOT Gate Push-Back                                                              ; On                          ; On                 ;
; Power-Up Don't Care                                                             ; On                          ; On                 ;
; Remove Redundant Logic Cells                                                    ; Off                         ; Off                ;
; Remove Duplicate Registers                                                      ; On                          ; On                 ;
; Ignore CARRY Buffers                                                            ; Off                         ; Off                ;
; Ignore CASCADE Buffers                                                          ; Off                         ; Off                ;
; Ignore GLOBAL Buffers                                                           ; Off                         ; Off                ;
; Ignore ROW GLOBAL Buffers                                                       ; Off                         ; Off                ;
; Ignore LCELL Buffers                                                            ; Off                         ; Off                ;
; Ignore SOFT Buffers                                                             ; On                          ; On                 ;
; Limit AHDL Integers to 32 Bits                                                  ; Off                         ; Off                ;
; Optimization Technique                                                          ; Balanced                    ; Balanced           ;
; Carry Chain Length                                                              ; 70                          ; 70                 ;
; Auto Carry Chains                                                               ; On                          ; On                 ;
; Auto Open-Drain Pins                                                            ; On                          ; On                 ;
; Perform WYSIWYG Primitive Resynthesis                                           ; Off                         ; Off                ;
; Auto ROM Replacement                                                            ; On                          ; On                 ;
; Auto RAM Replacement                                                            ; On                          ; On                 ;
; Auto DSP Block Replacement                                                      ; On                          ; On                 ;
; Auto Shift Register Replacement                                                 ; Auto                        ; Auto               ;
; Allow Shift Register Merging across Hierarchies                                 ; Auto                        ; Auto               ;
; Auto Clock Enable Replacement                                                   ; On                          ; On                 ;
; Strict RAM Replacement                                                          ; Off                         ; Off                ;
; Allow Synchronous Control Signals                                               ; On                          ; On                 ;
; Force Use of Synchronous Clear Signals                                          ; Off                         ; Off                ;
; Auto Resource Sharing                                                           ; Off                         ; Off                ;
; Allow Any RAM Size For Recognition                                              ; Off                         ; Off                ;
; Allow Any ROM Size For Recognition                                              ; Off                         ; Off                ;
; Allow Any Shift Register Size For Recognition                                   ; Off                         ; Off                ;
; Use LogicLock Constraints during Resource Balancing                             ; On                          ; On                 ;
; Ignore translate_off and synthesis_off directives                               ; Off                         ; Off                ;
; Timing-Driven Synthesis                                                         ; On                          ; On                 ;
; Report Parameter Settings                                                       ; On                          ; On                 ;
; Report Source Assignments                                                       ; On                          ; On                 ;
; Report Connectivity Checks                                                      ; On                          ; On                 ;
; Ignore Maximum Fan-Out Assignments                                              ; Off                         ; Off                ;
; Synchronization Register Chain Length                                           ; 3                           ; 3                  ;
; Power Optimization During Synthesis                                             ; Normal compilation          ; Normal compilation ;
; HDL message level                                                               ; Level2                      ; Level2             ;
; Suppress Register Optimization Related Messages                                 ; Off                         ; Off                ;
; Number of Removed Registers Reported in Synthesis Report                        ; 5000                        ; 5000               ;
; Number of Swept Nodes Reported in Synthesis Report                              ; 5000                        ; 5000               ;
; Number of Inverted Registers Reported in Synthesis Report                       ; 100                         ; 100                ;
; Clock MUX Protection                                                            ; On                          ; On                 ;
; Auto Gated Clock Conversion                                                     ; Off                         ; Off                ;
; Block Design Naming                                                             ; Auto                        ; Auto               ;
; SDC constraint protection                                                       ; Off                         ; Off                ;
; Synthesis Effort                                                                ; Auto                        ; Auto               ;
; Shift Register Replacement - Allow Asynchronous Clear Signal                    ; On                          ; On                 ;
; Pre-Mapping Resynthesis Optimization                                            ; Off                         ; Off                ;
; Analysis & Synthesis Message Level                                              ; Medium                      ; Medium             ;
; Disable Register Merging Across Hierarchies                                     ; Auto                        ; Auto               ;
; Resource Aware Inference For Block RAM                                          ; On                          ; On                 ;
; Automatic Parallel Synthesis                                                    ; On                          ; On                 ;
; Partial Reconfiguration Bitstream ID                                            ; Off                         ; Off                ;
+---------------------------------------------------------------------------------+-----------------------------+--------------------+


+------------------------------------------+
; Parallel Compilation                     ;
+----------------------------+-------------+
; Processors                 ; Number      ;
+----------------------------+-------------+
; Number detected on machine ; 16          ;
; Maximum allowed            ; 16          ;
;                            ;             ;
; Average used               ; 1.00        ;
; Maximum used               ; 1           ;
;                            ;             ;
; Usage by Processor         ; % Time Used ;
;     Processor 1            ; 100.0%      ;
+----------------------------+-------------+


+-----------------------------------------------------------------------------------------------------------------------------------------------------------+
; Analysis & Synthesis IP Cores Summary                                                                                                                     ;
+--------+---------------+---------+--------------+--------------+-----------------------------------------------------+------------------------------------+
; Vendor ; IP Core Name  ; Version ; Release Date ; License Type ; Entity Instance                                     ; IP Include File                    ;
+--------+---------------+---------+--------------+--------------+-----------------------------------------------------+------------------------------------+
; Altera ; ALTFP_ADD_SUB ; 19.1    ; N/A          ; N/A          ; |ElementAdditionCutBipolar_F|fp_add_sub:fp_add_inst ; ../rtl/floating_point/fp_add_sub.v ;
+--------+---------------+---------+--------------+--------------+-----------------------------------------------------+------------------------------------+


+-------------------------------+
; Analysis & Synthesis Messages ;
+-------------------------------+
Info: *******************************************************************
Info: Running Quartus Prime Analysis & Synthesis
    Info: Version 19.1.0 Build 670 09/22/2019 Patches 0.02std SJ Lite Edition
    Info: Processing started: Mon Oct 30 14:40:29 2023
Info: Command: quartus_map --read_settings_files=on --write_settings_files=off hdl -c hdl
Warning (18236): Number of processors has not been specified which may cause overloading on shared machines.  Set the global assignment NUM_PARALLEL_PROCESSORS in your QSF to an appropriate value for best performance.
Info (20030): Parallel compilation is enabled and will use 16 of the 16 processors detected
Info (12021): Found 1 design units, including 1 entities, in source file /school/grad/code/my_hdc/hdl/rtl/bundling/element_addition_cut/elementadditioncutbipolar_f.sv
    Info (12023): Found entity 1: ElementAdditionCutBipolar_F File: D:/School/Grad/Code/my_hdc/hdl/rtl/bundling/element_addition_cut/ElementAdditionCutBipolar_F.sv Line: 3
Info (12021): Found 1 design units, including 1 entities, in source file /school/grad/code/my_hdc/hdl/rtl/floating_point/fp_add_sub.v
    Info (12023): Found entity 1: fp_add_sub File: D:/School/Grad/Code/my_hdc/hdl/rtl/floating_point/fp_add_sub.v Line: 40
Info (12021): Found 1 design units, including 1 entities, in source file /school/grad/code/my_hdc/hdl/rtl/floating_point/fp_compare.v
    Info (12023): Found entity 1: fp_compare File: D:/School/Grad/Code/my_hdc/hdl/rtl/floating_point/fp_compare.v Line: 40
Info (12021): Found 1 design units, including 1 entities, in source file /school/grad/code/my_hdc/hdl/rtl/floating_point/fp_sqrt.v
    Info (12023): Found entity 1: fp_sqrt File: D:/School/Grad/Code/my_hdc/hdl/rtl/floating_point/fp_sqrt.v Line: 40
Info (12127): Elaborating entity "ElementAdditionCutBipolar_F" for the top level hierarchy
Warning (10240): Verilog HDL Always Construct warning at ElementAdditionCutBipolar_F.sv(66): inferring latch(es) for variable "done", which holds its previous value in one or more paths through the always construct File: D:/School/Grad/Code/my_hdc/hdl/rtl/bundling/element_addition_cut/ElementAdditionCutBipolar_F.sv Line: 66
Warning (10240): Verilog HDL Always Construct warning at ElementAdditionCutBipolar_F.sv(66): inferring latch(es) for variable "we_n", which holds its previous value in one or more paths through the always construct File: D:/School/Grad/Code/my_hdc/hdl/rtl/bundling/element_addition_cut/ElementAdditionCutBipolar_F.sv Line: 66
Warning (10240): Verilog HDL Always Construct warning at ElementAdditionCutBipolar_F.sv(66): inferring latch(es) for variable "waddress", which holds its previous value in one or more paths through the always construct File: D:/School/Grad/Code/my_hdc/hdl/rtl/bundling/element_addition_cut/ElementAdditionCutBipolar_F.sv Line: 66
Warning (10240): Verilog HDL Always Construct warning at ElementAdditionCutBipolar_F.sv(66): inferring latch(es) for variable "data_wr", which holds its previous value in one or more paths through the always construct File: D:/School/Grad/Code/my_hdc/hdl/rtl/bundling/element_addition_cut/ElementAdditionCutBipolar_F.sv Line: 66
Warning (10240): Verilog HDL Always Construct warning at ElementAdditionCutBipolar_F.sv(66): inferring latch(es) for variable "raddress", which holds its previous value in one or more paths through the always construct File: D:/School/Grad/Code/my_hdc/hdl/rtl/bundling/element_addition_cut/ElementAdditionCutBipolar_F.sv Line: 66
Info (10041): Inferred latch for "raddress[0]" at ElementAdditionCutBipolar_F.sv(66) File: D:/School/Grad/Code/my_hdc/hdl/rtl/bundling/element_addition_cut/ElementAdditionCutBipolar_F.sv Line: 66
Info (10041): Inferred latch for "raddress[1]" at ElementAdditionCutBipolar_F.sv(66) File: D:/School/Grad/Code/my_hdc/hdl/rtl/bundling/element_addition_cut/ElementAdditionCutBipolar_F.sv Line: 66
Info (10041): Inferred latch for "raddress[2]" at ElementAdditionCutBipolar_F.sv(66) File: D:/School/Grad/Code/my_hdc/hdl/rtl/bundling/element_addition_cut/ElementAdditionCutBipolar_F.sv Line: 66
Info (10041): Inferred latch for "raddress[3]" at ElementAdditionCutBipolar_F.sv(66) File: D:/School/Grad/Code/my_hdc/hdl/rtl/bundling/element_addition_cut/ElementAdditionCutBipolar_F.sv Line: 66
Info (10041): Inferred latch for "raddress[4]" at ElementAdditionCutBipolar_F.sv(66) File: D:/School/Grad/Code/my_hdc/hdl/rtl/bundling/element_addition_cut/ElementAdditionCutBipolar_F.sv Line: 66
Info (10041): Inferred latch for "raddress[5]" at ElementAdditionCutBipolar_F.sv(66) File: D:/School/Grad/Code/my_hdc/hdl/rtl/bundling/element_addition_cut/ElementAdditionCutBipolar_F.sv Line: 66
Info (10041): Inferred latch for "raddress[6]" at ElementAdditionCutBipolar_F.sv(66) File: D:/School/Grad/Code/my_hdc/hdl/rtl/bundling/element_addition_cut/ElementAdditionCutBipolar_F.sv Line: 66
Info (10041): Inferred latch for "raddress[7]" at ElementAdditionCutBipolar_F.sv(66) File: D:/School/Grad/Code/my_hdc/hdl/rtl/bundling/element_addition_cut/ElementAdditionCutBipolar_F.sv Line: 66
Info (10041): Inferred latch for "raddress[8]" at ElementAdditionCutBipolar_F.sv(66) File: D:/School/Grad/Code/my_hdc/hdl/rtl/bundling/element_addition_cut/ElementAdditionCutBipolar_F.sv Line: 66
Info (10041): Inferred latch for "raddress[9]" at ElementAdditionCutBipolar_F.sv(66) File: D:/School/Grad/Code/my_hdc/hdl/rtl/bundling/element_addition_cut/ElementAdditionCutBipolar_F.sv Line: 66
Info (10041): Inferred latch for "raddress[10]" at ElementAdditionCutBipolar_F.sv(66) File: D:/School/Grad/Code/my_hdc/hdl/rtl/bundling/element_addition_cut/ElementAdditionCutBipolar_F.sv Line: 66
Info (10041): Inferred latch for "raddress[11]" at ElementAdditionCutBipolar_F.sv(66) File: D:/School/Grad/Code/my_hdc/hdl/rtl/bundling/element_addition_cut/ElementAdditionCutBipolar_F.sv Line: 66
Info (10041): Inferred latch for "raddress[12]" at ElementAdditionCutBipolar_F.sv(66) File: D:/School/Grad/Code/my_hdc/hdl/rtl/bundling/element_addition_cut/ElementAdditionCutBipolar_F.sv Line: 66
Info (10041): Inferred latch for "raddress[13]" at ElementAdditionCutBipolar_F.sv(66) File: D:/School/Grad/Code/my_hdc/hdl/rtl/bundling/element_addition_cut/ElementAdditionCutBipolar_F.sv Line: 66
Info (10041): Inferred latch for "raddress[14]" at ElementAdditionCutBipolar_F.sv(66) File: D:/School/Grad/Code/my_hdc/hdl/rtl/bundling/element_addition_cut/ElementAdditionCutBipolar_F.sv Line: 66
Info (10041): Inferred latch for "raddress[15]" at ElementAdditionCutBipolar_F.sv(66) File: D:/School/Grad/Code/my_hdc/hdl/rtl/bundling/element_addition_cut/ElementAdditionCutBipolar_F.sv Line: 66
Info (10041): Inferred latch for "raddress[16]" at ElementAdditionCutBipolar_F.sv(66) File: D:/School/Grad/Code/my_hdc/hdl/rtl/bundling/element_addition_cut/ElementAdditionCutBipolar_F.sv Line: 66
Info (10041): Inferred latch for "raddress[17]" at ElementAdditionCutBipolar_F.sv(66) File: D:/School/Grad/Code/my_hdc/hdl/rtl/bundling/element_addition_cut/ElementAdditionCutBipolar_F.sv Line: 66
Info (10041): Inferred latch for "raddress[18]" at ElementAdditionCutBipolar_F.sv(66) File: D:/School/Grad/Code/my_hdc/hdl/rtl/bundling/element_addition_cut/ElementAdditionCutBipolar_F.sv Line: 66
Info (10041): Inferred latch for "raddress[19]" at ElementAdditionCutBipolar_F.sv(66) File: D:/School/Grad/Code/my_hdc/hdl/rtl/bundling/element_addition_cut/ElementAdditionCutBipolar_F.sv Line: 66
Info (10041): Inferred latch for "raddress[20]" at ElementAdditionCutBipolar_F.sv(66) File: D:/School/Grad/Code/my_hdc/hdl/rtl/bundling/element_addition_cut/ElementAdditionCutBipolar_F.sv Line: 66
Info (10041): Inferred latch for "data_wr[0]" at ElementAdditionCutBipolar_F.sv(66) File: D:/School/Grad/Code/my_hdc/hdl/rtl/bundling/element_addition_cut/ElementAdditionCutBipolar_F.sv Line: 66
Info (10041): Inferred latch for "data_wr[1]" at ElementAdditionCutBipolar_F.sv(66) File: D:/School/Grad/Code/my_hdc/hdl/rtl/bundling/element_addition_cut/ElementAdditionCutBipolar_F.sv Line: 66
Info (10041): Inferred latch for "data_wr[2]" at ElementAdditionCutBipolar_F.sv(66) File: D:/School/Grad/Code/my_hdc/hdl/rtl/bundling/element_addition_cut/ElementAdditionCutBipolar_F.sv Line: 66
Info (10041): Inferred latch for "data_wr[3]" at ElementAdditionCutBipolar_F.sv(66) File: D:/School/Grad/Code/my_hdc/hdl/rtl/bundling/element_addition_cut/ElementAdditionCutBipolar_F.sv Line: 66
Info (10041): Inferred latch for "data_wr[4]" at ElementAdditionCutBipolar_F.sv(66) File: D:/School/Grad/Code/my_hdc/hdl/rtl/bundling/element_addition_cut/ElementAdditionCutBipolar_F.sv Line: 66
Info (10041): Inferred latch for "data_wr[5]" at ElementAdditionCutBipolar_F.sv(66) File: D:/School/Grad/Code/my_hdc/hdl/rtl/bundling/element_addition_cut/ElementAdditionCutBipolar_F.sv Line: 66
Info (10041): Inferred latch for "data_wr[6]" at ElementAdditionCutBipolar_F.sv(66) File: D:/School/Grad/Code/my_hdc/hdl/rtl/bundling/element_addition_cut/ElementAdditionCutBipolar_F.sv Line: 66
Info (10041): Inferred latch for "data_wr[7]" at ElementAdditionCutBipolar_F.sv(66) File: D:/School/Grad/Code/my_hdc/hdl/rtl/bundling/element_addition_cut/ElementAdditionCutBipolar_F.sv Line: 66
Info (10041): Inferred latch for "data_wr[8]" at ElementAdditionCutBipolar_F.sv(66) File: D:/School/Grad/Code/my_hdc/hdl/rtl/bundling/element_addition_cut/ElementAdditionCutBipolar_F.sv Line: 66
Info (10041): Inferred latch for "data_wr[9]" at ElementAdditionCutBipolar_F.sv(66) File: D:/School/Grad/Code/my_hdc/hdl/rtl/bundling/element_addition_cut/ElementAdditionCutBipolar_F.sv Line: 66
Info (10041): Inferred latch for "data_wr[10]" at ElementAdditionCutBipolar_F.sv(66) File: D:/School/Grad/Code/my_hdc/hdl/rtl/bundling/element_addition_cut/ElementAdditionCutBipolar_F.sv Line: 66
Info (10041): Inferred latch for "data_wr[11]" at ElementAdditionCutBipolar_F.sv(66) File: D:/School/Grad/Code/my_hdc/hdl/rtl/bundling/element_addition_cut/ElementAdditionCutBipolar_F.sv Line: 66
Info (10041): Inferred latch for "data_wr[12]" at ElementAdditionCutBipolar_F.sv(66) File: D:/School/Grad/Code/my_hdc/hdl/rtl/bundling/element_addition_cut/ElementAdditionCutBipolar_F.sv Line: 66
Info (10041): Inferred latch for "data_wr[13]" at ElementAdditionCutBipolar_F.sv(66) File: D:/School/Grad/Code/my_hdc/hdl/rtl/bundling/element_addition_cut/ElementAdditionCutBipolar_F.sv Line: 66
Info (10041): Inferred latch for "data_wr[14]" at ElementAdditionCutBipolar_F.sv(66) File: D:/School/Grad/Code/my_hdc/hdl/rtl/bundling/element_addition_cut/ElementAdditionCutBipolar_F.sv Line: 66
Info (10041): Inferred latch for "data_wr[15]" at ElementAdditionCutBipolar_F.sv(66) File: D:/School/Grad/Code/my_hdc/hdl/rtl/bundling/element_addition_cut/ElementAdditionCutBipolar_F.sv Line: 66
Info (10041): Inferred latch for "data_wr[16]" at ElementAdditionCutBipolar_F.sv(66) File: D:/School/Grad/Code/my_hdc/hdl/rtl/bundling/element_addition_cut/ElementAdditionCutBipolar_F.sv Line: 66
Info (10041): Inferred latch for "data_wr[17]" at ElementAdditionCutBipolar_F.sv(66) File: D:/School/Grad/Code/my_hdc/hdl/rtl/bundling/element_addition_cut/ElementAdditionCutBipolar_F.sv Line: 66
Info (10041): Inferred latch for "data_wr[18]" at ElementAdditionCutBipolar_F.sv(66) File: D:/School/Grad/Code/my_hdc/hdl/rtl/bundling/element_addition_cut/ElementAdditionCutBipolar_F.sv Line: 66
Info (10041): Inferred latch for "data_wr[19]" at ElementAdditionCutBipolar_F.sv(66) File: D:/School/Grad/Code/my_hdc/hdl/rtl/bundling/element_addition_cut/ElementAdditionCutBipolar_F.sv Line: 66
Info (10041): Inferred latch for "data_wr[20]" at ElementAdditionCutBipolar_F.sv(66) File: D:/School/Grad/Code/my_hdc/hdl/rtl/bundling/element_addition_cut/ElementAdditionCutBipolar_F.sv Line: 66
Info (10041): Inferred latch for "data_wr[21]" at ElementAdditionCutBipolar_F.sv(66) File: D:/School/Grad/Code/my_hdc/hdl/rtl/bundling/element_addition_cut/ElementAdditionCutBipolar_F.sv Line: 66
Info (10041): Inferred latch for "data_wr[22]" at ElementAdditionCutBipolar_F.sv(66) File: D:/School/Grad/Code/my_hdc/hdl/rtl/bundling/element_addition_cut/ElementAdditionCutBipolar_F.sv Line: 66
Info (10041): Inferred latch for "data_wr[23]" at ElementAdditionCutBipolar_F.sv(66) File: D:/School/Grad/Code/my_hdc/hdl/rtl/bundling/element_addition_cut/ElementAdditionCutBipolar_F.sv Line: 66
Info (10041): Inferred latch for "data_wr[24]" at ElementAdditionCutBipolar_F.sv(66) File: D:/School/Grad/Code/my_hdc/hdl/rtl/bundling/element_addition_cut/ElementAdditionCutBipolar_F.sv Line: 66
Info (10041): Inferred latch for "data_wr[25]" at ElementAdditionCutBipolar_F.sv(66) File: D:/School/Grad/Code/my_hdc/hdl/rtl/bundling/element_addition_cut/ElementAdditionCutBipolar_F.sv Line: 66
Info (10041): Inferred latch for "data_wr[26]" at ElementAdditionCutBipolar_F.sv(66) File: D:/School/Grad/Code/my_hdc/hdl/rtl/bundling/element_addition_cut/ElementAdditionCutBipolar_F.sv Line: 66
Info (10041): Inferred latch for "data_wr[27]" at ElementAdditionCutBipolar_F.sv(66) File: D:/School/Grad/Code/my_hdc/hdl/rtl/bundling/element_addition_cut/ElementAdditionCutBipolar_F.sv Line: 66
Info (10041): Inferred latch for "data_wr[28]" at ElementAdditionCutBipolar_F.sv(66) File: D:/School/Grad/Code/my_hdc/hdl/rtl/bundling/element_addition_cut/ElementAdditionCutBipolar_F.sv Line: 66
Info (10041): Inferred latch for "data_wr[29]" at ElementAdditionCutBipolar_F.sv(66) File: D:/School/Grad/Code/my_hdc/hdl/rtl/bundling/element_addition_cut/ElementAdditionCutBipolar_F.sv Line: 66
Info (10041): Inferred latch for "data_wr[30]" at ElementAdditionCutBipolar_F.sv(66) File: D:/School/Grad/Code/my_hdc/hdl/rtl/bundling/element_addition_cut/ElementAdditionCutBipolar_F.sv Line: 66
Info (10041): Inferred latch for "data_wr[31]" at ElementAdditionCutBipolar_F.sv(66) File: D:/School/Grad/Code/my_hdc/hdl/rtl/bundling/element_addition_cut/ElementAdditionCutBipolar_F.sv Line: 66
Info (10041): Inferred latch for "waddress[0]" at ElementAdditionCutBipolar_F.sv(66) File: D:/School/Grad/Code/my_hdc/hdl/rtl/bundling/element_addition_cut/ElementAdditionCutBipolar_F.sv Line: 66
Info (10041): Inferred latch for "waddress[1]" at ElementAdditionCutBipolar_F.sv(66) File: D:/School/Grad/Code/my_hdc/hdl/rtl/bundling/element_addition_cut/ElementAdditionCutBipolar_F.sv Line: 66
Info (10041): Inferred latch for "waddress[2]" at ElementAdditionCutBipolar_F.sv(66) File: D:/School/Grad/Code/my_hdc/hdl/rtl/bundling/element_addition_cut/ElementAdditionCutBipolar_F.sv Line: 66
Info (10041): Inferred latch for "waddress[3]" at ElementAdditionCutBipolar_F.sv(66) File: D:/School/Grad/Code/my_hdc/hdl/rtl/bundling/element_addition_cut/ElementAdditionCutBipolar_F.sv Line: 66
Info (10041): Inferred latch for "waddress[4]" at ElementAdditionCutBipolar_F.sv(66) File: D:/School/Grad/Code/my_hdc/hdl/rtl/bundling/element_addition_cut/ElementAdditionCutBipolar_F.sv Line: 66
Info (10041): Inferred latch for "waddress[5]" at ElementAdditionCutBipolar_F.sv(66) File: D:/School/Grad/Code/my_hdc/hdl/rtl/bundling/element_addition_cut/ElementAdditionCutBipolar_F.sv Line: 66
Info (10041): Inferred latch for "waddress[6]" at ElementAdditionCutBipolar_F.sv(66) File: D:/School/Grad/Code/my_hdc/hdl/rtl/bundling/element_addition_cut/ElementAdditionCutBipolar_F.sv Line: 66
Info (10041): Inferred latch for "waddress[7]" at ElementAdditionCutBipolar_F.sv(66) File: D:/School/Grad/Code/my_hdc/hdl/rtl/bundling/element_addition_cut/ElementAdditionCutBipolar_F.sv Line: 66
Info (10041): Inferred latch for "waddress[8]" at ElementAdditionCutBipolar_F.sv(66) File: D:/School/Grad/Code/my_hdc/hdl/rtl/bundling/element_addition_cut/ElementAdditionCutBipolar_F.sv Line: 66
Info (10041): Inferred latch for "waddress[9]" at ElementAdditionCutBipolar_F.sv(66) File: D:/School/Grad/Code/my_hdc/hdl/rtl/bundling/element_addition_cut/ElementAdditionCutBipolar_F.sv Line: 66
Info (10041): Inferred latch for "waddress[10]" at ElementAdditionCutBipolar_F.sv(66) File: D:/School/Grad/Code/my_hdc/hdl/rtl/bundling/element_addition_cut/ElementAdditionCutBipolar_F.sv Line: 66
Info (10041): Inferred latch for "waddress[11]" at ElementAdditionCutBipolar_F.sv(66) File: D:/School/Grad/Code/my_hdc/hdl/rtl/bundling/element_addition_cut/ElementAdditionCutBipolar_F.sv Line: 66
Info (10041): Inferred latch for "waddress[12]" at ElementAdditionCutBipolar_F.sv(66) File: D:/School/Grad/Code/my_hdc/hdl/rtl/bundling/element_addition_cut/ElementAdditionCutBipolar_F.sv Line: 66
Info (10041): Inferred latch for "waddress[13]" at ElementAdditionCutBipolar_F.sv(66) File: D:/School/Grad/Code/my_hdc/hdl/rtl/bundling/element_addition_cut/ElementAdditionCutBipolar_F.sv Line: 66
Info (10041): Inferred latch for "waddress[14]" at ElementAdditionCutBipolar_F.sv(66) File: D:/School/Grad/Code/my_hdc/hdl/rtl/bundling/element_addition_cut/ElementAdditionCutBipolar_F.sv Line: 66
Info (10041): Inferred latch for "waddress[15]" at ElementAdditionCutBipolar_F.sv(66) File: D:/School/Grad/Code/my_hdc/hdl/rtl/bundling/element_addition_cut/ElementAdditionCutBipolar_F.sv Line: 66
Info (10041): Inferred latch for "waddress[16]" at ElementAdditionCutBipolar_F.sv(66) File: D:/School/Grad/Code/my_hdc/hdl/rtl/bundling/element_addition_cut/ElementAdditionCutBipolar_F.sv Line: 66
Info (10041): Inferred latch for "waddress[17]" at ElementAdditionCutBipolar_F.sv(66) File: D:/School/Grad/Code/my_hdc/hdl/rtl/bundling/element_addition_cut/ElementAdditionCutBipolar_F.sv Line: 66
Info (10041): Inferred latch for "waddress[18]" at ElementAdditionCutBipolar_F.sv(66) File: D:/School/Grad/Code/my_hdc/hdl/rtl/bundling/element_addition_cut/ElementAdditionCutBipolar_F.sv Line: 66
Info (10041): Inferred latch for "waddress[19]" at ElementAdditionCutBipolar_F.sv(66) File: D:/School/Grad/Code/my_hdc/hdl/rtl/bundling/element_addition_cut/ElementAdditionCutBipolar_F.sv Line: 66
Info (10041): Inferred latch for "waddress[20]" at ElementAdditionCutBipolar_F.sv(66) File: D:/School/Grad/Code/my_hdc/hdl/rtl/bundling/element_addition_cut/ElementAdditionCutBipolar_F.sv Line: 66
Info (10041): Inferred latch for "we_n" at ElementAdditionCutBipolar_F.sv(66) File: D:/School/Grad/Code/my_hdc/hdl/rtl/bundling/element_addition_cut/ElementAdditionCutBipolar_F.sv Line: 66
Info (10041): Inferred latch for "done" at ElementAdditionCutBipolar_F.sv(66) File: D:/School/Grad/Code/my_hdc/hdl/rtl/bundling/element_addition_cut/ElementAdditionCutBipolar_F.sv Line: 66
Info (12128): Elaborating entity "fp_add_sub" for hierarchy "fp_add_sub:fp_add_inst" File: D:/School/Grad/Code/my_hdc/hdl/rtl/bundling/element_addition_cut/ElementAdditionCutBipolar_F.sv Line: 64
Error (12006): Node instance "altfp_add_sub_component" instantiates undefined entity "altfp_add_sub". Ensure that required library paths are specified correctly, define the specified entity, or change the instantiation. If this entity represents Intel FPGA or third-party IP, generate the synthesis files for the IP. File: D:/School/Grad/Code/my_hdc/hdl/rtl/floating_point/fp_add_sub.v Line: 76
Error: Quartus Prime Analysis & Synthesis was unsuccessful. 1 error, 6 warnings
    Error: Peak virtual memory: 4767 megabytes
    Error: Processing ended: Mon Oct 30 14:40:37 2023
    Error: Elapsed time: 00:00:08
    Error: Total CPU time (on all processors): 00:00:18


