Info: Generated by version: 23.3 build 104
Info: Starting: Create simulation model
Info: qsys-generate D:\School\Grad\Code\my_hdc\hdl\rtl\floating_point\fp_mult.ip --simulation=VERILOG --allow-mixed-language-simulation --simulator=MODELSIM --output-directory=D:\School\Grad\Code\my_hdc\hdl\rtl\floating_point\fp_mult --family="Cyclone 10 GX" --part=10CX220YF780I5G
Info: Skipping generation of fp_mult: files already generated.
Info: Finished: Create simulation model
Info: Starting: Create simulation script
Info: sim-script-gen --system-file=D:\School\Grad\Code\my_hdc\hdl\rtl\floating_point\fp_mult.ip --simulator=MODELSIM --output-directory=D:/School/Grad/Code/my_hdc/hdl/rtl/floating_point/fp_mult/sim/ --use-relative-paths=true
Info: Generating the following file(s) for MODELSIM simulator in D:/School/Grad/Code/my_hdc/hdl/rtl/floating_point/fp_mult/sim/ directory:
Info: 	mentor/msim_setup.tcl
Info: For information on how to simulate your IP, see the explanatory comments in the simulator-specific subdirectories under D:/School/Grad/Code/my_hdc/hdl/rtl/floating_point/fp_mult/sim/.
Info: Regenerate these scripts whenever you make any change to any Quartus-generated IP in your project.
Info: Finished: Create simulation script
Info: Starting: Create block symbol file (.bsf)
Info: qsys-generate D:\School\Grad\Code\my_hdc\hdl\rtl\floating_point\fp_mult.ip --block-symbol-file --output-directory=D:\School\Grad\Code\my_hdc\hdl\rtl\floating_point\fp_mult --family="Cyclone 10 GX" --part=10CX220YF780I5G
Info: Finished: Create block symbol file (.bsf)
Info: 
Info: Starting: Create HDL design files for synthesis
Info: qsys-generate D:\School\Grad\Code\my_hdc\hdl\rtl\floating_point\fp_mult.ip --synthesis=VERILOG --output-directory=D:\School\Grad\Code\my_hdc\hdl\rtl\floating_point\fp_mult --family="Cyclone 10 GX" --part=10CX220YF780I5G
Info: Skipping generation of fp_mult: files already generated.
Info: Finished: Create HDL design files for synthesis
Info: Starting: Generate IP Core Documentation
Info: No documentation filesets were found for components in fp_mult. No files generated.
Info: Finished: Generate IP Core Documentation
