This file contains any messages produced by compilers while
running configure, to aid debugging if configure makes a mistake.

It was created by cln configure 1.3.6, which was
generated by GNU Autoconf 2.69.  Invocation command line was

  $ ./configure --disable-dependency-tracking

## --------- ##
## Platform. ##
## --------- ##

hostname = DESKTOP-N8TC12F
uname -m = x86_64
uname -r = 3.3.4-341.x86_64
uname -s = MINGW64_NT-10.0-19045
uname -v = 2022-05-09 11:56 UTC

/usr/bin/uname -p = unknown
/bin/uname -X     = unknown

/bin/arch              = x86_64
/usr/bin/arch -k       = unknown
/usr/convex/getsysinfo = unknown
/usr/bin/hostinfo      = unknown
/bin/machine           = unknown
/usr/bin/oslevel       = unknown
/bin/universe          = unknown

PATH: /c/Users/Graham/anaconda3/condabin
PATH: /c/Users/Graham/bin
PATH: /mingw64/bin
PATH: /usr/local/bin
PATH: /usr/bin
PATH: /bin
PATH: /mingw64/bin
PATH: /usr/bin
PATH: /c/Users/Graham/bin
PATH: /d/Programs/VMware/bin
PATH: /c/Program Files/Common Files/Oracle/Java/javapath
PATH: /c/Python310/Scripts
PATH: /c/Python310
PATH: /c/Perl64/bin
PATH: /c/Users/Graham/AppData/Roaming/ActiveState/bin
PATH: /c/Program Files/Java/jdk-13.0.2/bin
PATH: /c/Program Files (x86)/Common Files/Oracle/Java/javapath
PATH: /c/Windows/system32
PATH: /c/Windows
PATH: /c/Windows/System32/Wbem
PATH: /c/Windows/System32/WindowsPowerShell/v1.0
PATH: /c/Windows/System32/OpenSSH
PATH: /c/Program Files/Intel/WiFi/bin
PATH: /c/Program Files/Common Files/Intel/WirelessCommon
PATH: /c/Program Files/NVIDIA Corporation/NVIDIA NvDLISR
PATH: /c/Program Files (x86)/NVIDIA Corporation/PhysX/Common
PATH: /c/Program Files (x86)/Common Files/Adobe/AGL
PATH: /c/Program Files/dotnet
PATH: /c/Program Files/Microsoft SQL Server/130/Tools/Binn
PATH: /c/Program Files/Microsoft SQL Server/Client SDK/ODBC/170/Tools/Binn
PATH: /d/Programs/Gradle/gradle-6.4/bin
PATH: /c/ProgramData/chocolatey/bin
PATH: /d/Programs/MatLab/R2020b/bin
PATH: /c/WINDOWS/system32
PATH: /c/WINDOWS
PATH: /c/WINDOWS/System32/Wbem
PATH: /c/WINDOWS/System32/WindowsPowerShell/v1.0
PATH: /c/WINDOWS/System32/OpenSSH
PATH: /c/Program Files (x86)/STMicroelectronics/STM32 ST-LINK Utility/ST-LINK Utility
PATH: /d/Programs/MINI-REFPROP
PATH: /c/Program Files/Common Files/Quanser/hardware
PATH: /c/Program Files/Quanser/QUARC
PATH: /c/Program Files/mingw-w64/x86_64-8.1.0-win32-seh-rt_v6-rev0/mingw64/bin
PATH: /d/Programs/Graphviz/bin
PATH: /d/Programs/gnuplot/bin
PATH: /d/Programs/CMake/bin
PATH: /c/Program Files/Microsoft SQL Server/120/Tools/Binn
PATH: /c/Program Files/nodejs
PATH: /cmd
PATH: /d/Programs/Calibre
PATH: /d/Programs/gs/gs10.00.0/bin
PATH: /c/Program Files/Docker/Docker/resources/bin
PATH: /c/Users/Graham/AppData/Local/ActiveState/StateTool/release/bin
PATH: /c/Users/Graham/AppData/Local/activestate/StateTool/release
PATH: /c/Users/Graham/AppData/Local/activestate/StateTool/release
PATH: /c/Users/Graham/AppData/Local/activestate/StateTool/release
PATH: /c/Users/Graham/AppData/Local/activestate/StateTool/release
PATH: /c/Users/Graham/AppData/Local/activestate/StateTool/release
PATH: /c/Users/Graham/AppData/Local/activestate/StateTool/release
PATH: /c/Users/Graham/AppData/Local/activestate/StateTool/release
PATH: /c/Users/Graham/AppData/Local/activestate/StateTool/release
PATH: /c/Users/Graham/AppData/Local/activestate/StateTool/release
PATH: /c/Users/Graham/AppData/Local/activestate/StateTool/release
PATH: /c/Users/Graham/AppData/Local/activestate/StateTool/release
PATH: /c/Users/Graham/AppData/Local/activestate/StateTool/release
PATH: /c/Users/Graham/AppData/Local/activestate/cache/bin
PATH: /c/Users/Graham/AppData/Local/ActiveState/StateTool/release
PATH: /c/Users/Graham/AppData/Local/Programs/Python/Python39/Scripts
PATH: /c/Users/Graham/AppData/Local/Programs/Python/Python39
PATH: /c/Users/Graham/AppData/Local/activestate/bin
PATH: /c/Users/Graham/AppData/Local/Programs/Python/Python38/Scripts
PATH: /c/Users/Graham/AppData/Local/Programs/Python/Python38
PATH: /c/Users/Graham/AppData/Local/Microsoft/WindowsApps
PATH: /d/Programs/Visual Studio Code/Microsoft VS Code/bin
PATH: /d/Programs/Fiddler
PATH: /c/Users/Graham/AppData/Local/Microsoft/WindowsApps
PATH: /d/Programs/MiKTeX/miktex/bin/x64
PATH: /c/Users/Graham/anaconda3/Library/bin
PATH: /d/Programs/Graphviz/bin
PATH: /c/Users/Graham/AppData/Roaming/npm
PATH: /usr/bin/vendor_perl
PATH: /usr/bin/core_perl


## ----------- ##
## Core tests. ##
## ----------- ##

configure:2717: checking for a BSD-compatible install
configure:2785: result: /usr/bin/install -c
configure:2796: checking whether build environment is sane
configure:2851: result: yes
configure:3002: checking for a thread-safe mkdir -p
configure:3041: result: /usr/bin/mkdir -p
configure:3048: checking for gawk
configure:3064: found /usr/bin/gawk
configure:3075: result: gawk
configure:3086: checking whether make sets $(MAKE)
configure:3108: result: yes
configure:3137: checking whether make supports nested variables
configure:3154: result: yes
configure:3337: checking for gcc
configure:3353: found /c/Program Files/mingw-w64/x86_64-8.1.0-win32-seh-rt_v6-rev0/mingw64/bin/gcc
configure:3364: result: gcc
configure:3593: checking for C compiler version
configure:3602: gcc --version >&5
gcc.exe (x86_64-win32-seh-rev0, Built by MinGW-W64 project) 8.1.0
Copyright (C) 2018 Free Software Foundation, Inc.
This is free software; see the source for copying conditions.  There is NO
warranty; not even for MERCHANTABILITY or FITNESS FOR A PARTICULAR PURPOSE.

configure:3613: $? = 0
configure:3602: gcc -v >&5
Using built-in specs.
COLLECT_GCC=C:\Program Files\mingw-w64\x86_64-8.1.0-win32-seh-rt_v6-rev0\mingw64\bin\gcc.exe
COLLECT_LTO_WRAPPER=C:/Program\ Files/mingw-w64/x86_64-8.1.0-win32-seh-rt_v6-rev0/mingw64/bin/../libexec/gcc/x86_64-w64-mingw32/8.1.0/lto-wrapper.exe
Target: x86_64-w64-mingw32
Configured with: ../../../src/gcc-8.1.0/configure --host=x86_64-w64-mingw32 --build=x86_64-w64-mingw32 --target=x86_64-w64-mingw32 --prefix=/mingw64 --with-sysroot=/c/mingw810/x86_64-810-win32-seh-rt_v6-rev0/mingw64 --enable-shared --enable-static --disable-multilib --enable-languages=c,c++,fortran,lto --enable-libstdcxx-time=yes --enable-threads=win32 --enable-libgomp --enable-libatomic --enable-lto --enable-graphite --enable-checking=release --enable-fully-dynamic-string --enable-version-specific-runtime-libs --disable-libstdcxx-pch --disable-libstdcxx-debug --enable-bootstrap --disable-rpath --disable-win32-registry --disable-nls --disable-werror --disable-symvers --with-gnu-as --with-gnu-ld --with-arch=nocona --with-tune=core2 --with-libiconv --with-system-zlib --with-gmp=/c/mingw810/prerequisites/x86_64-w64-mingw32-static --with-mpfr=/c/mingw810/prerequisites/x86_64-w64-mingw32-static --with-mpc=/c/mingw810/prerequisites/x86_64-w64-mingw32-static --with-isl=/c/mingw810/prerequisites/x86_64-w64-mingw32-static --with-pkgversion='x86_64-win32-seh-rev0, Built by MinGW-W64 project' --with-bugurl=https://sourceforge.net/projects/mingw-w64 CFLAGS='-O2 -pipe -fno-ident -I/c/mingw810/x86_64-810-win32-seh-rt_v6-rev0/mingw64/opt/include -I/c/mingw810/prerequisites/x86_64-zlib-static/include -I/c/mingw810/prerequisites/x86_64-w64-mingw32-static/include' CXXFLAGS='-O2 -pipe -fno-ident -I/c/mingw810/x86_64-810-win32-seh-rt_v6-rev0/mingw64/opt/include -I/c/mingw810/prerequisites/x86_64-zlib-static/include -I/c/mingw810/prerequisites/x86_64-w64-mingw32-static/include' CPPFLAGS=' -I/c/mingw810/x86_64-810-win32-seh-rt_v6-rev0/mingw64/opt/include -I/c/mingw810/prerequisites/x86_64-zlib-static/include -I/c/mingw810/prerequisites/x86_64-w64-mingw32-static/include' LDFLAGS='-pipe -fno-ident -L/c/mingw810/x86_64-810-win32-seh-rt_v6-rev0/mingw64/opt/lib -L/c/mingw810/prerequisites/x86_64-zlib-static/lib -L/c/mingw810/prerequisites/x86_64-w64-mingw32-static/lib '
Thread model: win32
gcc version 8.1.0 (x86_64-win32-seh-rev0, Built by MinGW-W64 project) 
configure:3613: $? = 0
configure:3602: gcc -V >&5
gcc.exe: error: unrecognized command line option '-V'
gcc.exe: fatal error: no input files
compilation terminated.
configure:3613: $? = 1
configure:3602: gcc -qversion >&5
gcc.exe: error: unrecognized command line option '-qversion'; did you mean '--version'?
gcc.exe: fatal error: no input files
compilation terminated.
configure:3613: $? = 1
configure:3633: checking whether the C compiler works
configure:3655: gcc    conftest.c  >&5
configure:3659: $? = 0
configure:3707: result: yes
configure:3710: checking for C compiler default output file name
configure:3712: result: a.exe
configure:3718: checking for suffix of executables
configure:3725: gcc -o conftest.exe    conftest.c  >&5
configure:3729: $? = 0
configure:3751: result: .exe
configure:3773: checking whether we are cross compiling
configure:3781: gcc -o conftest.exe    conftest.c  >&5
configure:3785: $? = 0
configure:3792: ./conftest.exe
configure:3796: $? = 0
configure:3811: result: no
configure:3816: checking for suffix of object files
configure:3838: gcc -c   conftest.c >&5
configure:3842: $? = 0
configure:3863: result: o
configure:3867: checking whether we are using the GNU C compiler
configure:3886: gcc -c   conftest.c >&5
configure:3886: $? = 0
configure:3895: result: yes
configure:3904: checking whether gcc accepts -g
configure:3924: gcc -c -g  conftest.c >&5
configure:3924: $? = 0
configure:3965: result: yes
configure:3982: checking for gcc option to accept ISO C89
configure:4045: gcc  -c -g -O2  conftest.c >&5
configure:4045: $? = 0
configure:4058: result: none needed
configure:4083: checking whether gcc understands -c and -o together
configure:4105: gcc -c conftest.c -o conftest2.o
configure:4108: $? = 0
configure:4105: gcc -c conftest.c -o conftest2.o
configure:4108: $? = 0
configure:4120: result: yes
configure:4140: checking whether make supports the include directive
configure:4155: make -f confmf.GNU && cat confinc.out
this is the am__doit target
configure:4158: $? = 0
configure:4177: result: yes (GNU style)
configure:4202: checking dependency style of gcc
configure:4313: result: none
configure:4333: checking how to run the C preprocessor
configure:4364: gcc -E  conftest.c
configure:4364: $? = 0
configure:4378: gcc -E  conftest.c
conftest.c:11:10: fatal error: ac_nonexistent.h: No such file or directory
 #include <ac_nonexistent.h>
          ^~~~~~~~~~~~~~~~~~
compilation terminated.
configure:4378: $? = 1
configure: failed program was:
| /* confdefs.h */
| #define PACKAGE_NAME "cln"
| #define PACKAGE_TARNAME "cln"
| #define PACKAGE_VERSION "1.3.6"
| #define PACKAGE_STRING "cln 1.3.6"
| #define PACKAGE_BUGREPORT ""
| #define PACKAGE_URL ""
| #define PACKAGE "cln"
| #define VERSION "1.3.6"
| /* end confdefs.h.  */
| #include <ac_nonexistent.h>
configure:4403: result: gcc -E
configure:4423: gcc -E  conftest.c
configure:4423: $? = 0
configure:4437: gcc -E  conftest.c
conftest.c:11:10: fatal error: ac_nonexistent.h: No such file or directory
 #include <ac_nonexistent.h>
          ^~~~~~~~~~~~~~~~~~
compilation terminated.
configure:4437: $? = 1
configure: failed program was:
| /* confdefs.h */
| #define PACKAGE_NAME "cln"
| #define PACKAGE_TARNAME "cln"
| #define PACKAGE_VERSION "1.3.6"
| #define PACKAGE_STRING "cln 1.3.6"
| #define PACKAGE_BUGREPORT ""
| #define PACKAGE_URL ""
| #define PACKAGE "cln"
| #define VERSION "1.3.6"
| /* end confdefs.h.  */
| #include <ac_nonexistent.h>
configure:4523: checking for g++
configure:4539: found /c/Program Files/mingw-w64/x86_64-8.1.0-win32-seh-rt_v6-rev0/mingw64/bin/g++
configure:4550: result: g++
configure:4577: checking for C++ compiler version
configure:4586: g++ --version >&5
g++.exe (x86_64-win32-seh-rev0, Built by MinGW-W64 project) 8.1.0
Copyright (C) 2018 Free Software Foundation, Inc.
This is free software; see the source for copying conditions.  There is NO
warranty; not even for MERCHANTABILITY or FITNESS FOR A PARTICULAR PURPOSE.

configure:4597: $? = 0
configure:4586: g++ -v >&5
Using built-in specs.
COLLECT_GCC=C:\Program Files\mingw-w64\x86_64-8.1.0-win32-seh-rt_v6-rev0\mingw64\bin\g++.exe
COLLECT_LTO_WRAPPER=C:/Program\ Files/mingw-w64/x86_64-8.1.0-win32-seh-rt_v6-rev0/mingw64/bin/../libexec/gcc/x86_64-w64-mingw32/8.1.0/lto-wrapper.exe
Target: x86_64-w64-mingw32
Configured with: ../../../src/gcc-8.1.0/configure --host=x86_64-w64-mingw32 --build=x86_64-w64-mingw32 --target=x86_64-w64-mingw32 --prefix=/mingw64 --with-sysroot=/c/mingw810/x86_64-810-win32-seh-rt_v6-rev0/mingw64 --enable-shared --enable-static --disable-multilib --enable-languages=c,c++,fortran,lto --enable-libstdcxx-time=yes --enable-threads=win32 --enable-libgomp --enable-libatomic --enable-lto --enable-graphite --enable-checking=release --enable-fully-dynamic-string --enable-version-specific-runtime-libs --disable-libstdcxx-pch --disable-libstdcxx-debug --enable-bootstrap --disable-rpath --disable-win32-registry --disable-nls --disable-werror --disable-symvers --with-gnu-as --with-gnu-ld --with-arch=nocona --with-tune=core2 --with-libiconv --with-system-zlib --with-gmp=/c/mingw810/prerequisites/x86_64-w64-mingw32-static --with-mpfr=/c/mingw810/prerequisites/x86_64-w64-mingw32-static --with-mpc=/c/mingw810/prerequisites/x86_64-w64-mingw32-static --with-isl=/c/mingw810/prerequisites/x86_64-w64-mingw32-static --with-pkgversion='x86_64-win32-seh-rev0, Built by MinGW-W64 project' --with-bugurl=https://sourceforge.net/projects/mingw-w64 CFLAGS='-O2 -pipe -fno-ident -I/c/mingw810/x86_64-810-win32-seh-rt_v6-rev0/mingw64/opt/include -I/c/mingw810/prerequisites/x86_64-zlib-static/include -I/c/mingw810/prerequisites/x86_64-w64-mingw32-static/include' CXXFLAGS='-O2 -pipe -fno-ident -I/c/mingw810/x86_64-810-win32-seh-rt_v6-rev0/mingw64/opt/include -I/c/mingw810/prerequisites/x86_64-zlib-static/include -I/c/mingw810/prerequisites/x86_64-w64-mingw32-static/include' CPPFLAGS=' -I/c/mingw810/x86_64-810-win32-seh-rt_v6-rev0/mingw64/opt/include -I/c/mingw810/prerequisites/x86_64-zlib-static/include -I/c/mingw810/prerequisites/x86_64-w64-mingw32-static/include' LDFLAGS='-pipe -fno-ident -L/c/mingw810/x86_64-810-win32-seh-rt_v6-rev0/mingw64/opt/lib -L/c/mingw810/prerequisites/x86_64-zlib-static/lib -L/c/mingw810/prerequisites/x86_64-w64-mingw32-static/lib '
Thread model: win32
gcc version 8.1.0 (x86_64-win32-seh-rev0, Built by MinGW-W64 project) 
configure:4597: $? = 0
configure:4586: g++ -V >&5
g++.exe: error: unrecognized command line option '-V'
g++.exe: fatal error: no input files
compilation terminated.
configure:4597: $? = 1
configure:4586: g++ -qversion >&5
g++.exe: error: unrecognized command line option '-qversion'; did you mean '--version'?
g++.exe: fatal error: no input files
compilation terminated.
configure:4597: $? = 1
configure:4601: checking whether we are using the GNU C++ compiler
configure:4620: g++ -c   conftest.cpp >&5
configure:4620: $? = 0
configure:4629: result: yes
configure:4638: checking whether g++ accepts -g
configure:4658: g++ -c -g  conftest.cpp >&5
configure:4658: $? = 0
configure:4699: result: yes
configure:4724: checking dependency style of g++
configure:4835: result: none
configure:4855: checking how to run the C++ preprocessor
configure:4882: g++ -E  conftest.cpp
configure:4882: $? = 0
configure:4896: g++ -E  conftest.cpp
conftest.cpp:11:10: fatal error: ac_nonexistent.h: No such file or directory
 #include <ac_nonexistent.h>
          ^~~~~~~~~~~~~~~~~~
compilation terminated.
configure:4896: $? = 1
configure: failed program was:
| /* confdefs.h */
| #define PACKAGE_NAME "cln"
| #define PACKAGE_TARNAME "cln"
| #define PACKAGE_VERSION "1.3.6"
| #define PACKAGE_STRING "cln 1.3.6"
| #define PACKAGE_BUGREPORT ""
| #define PACKAGE_URL ""
| #define PACKAGE "cln"
| #define VERSION "1.3.6"
| /* end confdefs.h.  */
| #include <ac_nonexistent.h>
configure:4921: result: g++ -E
configure:4941: g++ -E  conftest.cpp
configure:4941: $? = 0
configure:4955: g++ -E  conftest.cpp
conftest.cpp:11:10: fatal error: ac_nonexistent.h: No such file or directory
 #include <ac_nonexistent.h>
          ^~~~~~~~~~~~~~~~~~
compilation terminated.
configure:4955: $? = 1
configure: failed program was:
| /* confdefs.h */
| #define PACKAGE_NAME "cln"
| #define PACKAGE_TARNAME "cln"
| #define PACKAGE_VERSION "1.3.6"
| #define PACKAGE_STRING "cln 1.3.6"
| #define PACKAGE_BUGREPORT ""
| #define PACKAGE_URL ""
| #define PACKAGE "cln"
| #define VERSION "1.3.6"
| /* end confdefs.h.  */
| #include <ac_nonexistent.h>
configure:4985: checking for underscore in external names
configure:4999: gcc -S conftest.c
configure:5002: $? = 0
configure:5012: result: no
configure:5032: checking dependency style of gcc
configure:5141: result: none
configure:5159: checking whether --noexecstack is desirable for .s files
configure:5169: gcc -g -O2 
                     -S -o conftest.s conftest.c >/dev/null
configure:5172: $? = 0
configure:5189: result: no
configure:5200: checking build system type
configure:5214: result: x86_64-pc-mingw64
configure:5234: checking host system type
configure:5247: result: x86_64-pc-mingw64
configure:5271: checking for grep that handles long lines and -e
configure:5329: result: /usr/bin/grep
configure:5334: checking for egrep
configure:5396: result: /usr/bin/grep -E
configure:5487: checking for 64-bit userland on x86-64
configure:5508: gcc -c -g -O2  conftest.c >&5
configure:5508: $? = 0
configure:5516: result: yes
configure:5680: checking how to print strings
configure:5707: result: printf
configure:5728: checking for a sed that does not truncate output
configure:5792: result: /usr/bin/sed
configure:5810: checking for fgrep
configure:5872: result: /usr/bin/grep -F
configure:5907: checking for ld used by gcc
configure:5974: result: C:/Program
Files/mingw-w64/x86_64-8.1.0-win32-seh-rt_v6-rev0/mingw64/x86_64-w64-mingw32/bin/ld.exe
configure:5981: checking if the linker (C:/Program
Files/mingw-w64/x86_64-8.1.0-win32-seh-rt_v6-rev0/mingw64/x86_64-w64-mingw32/bin/ld.exe) is GNU ld
configure:5996: result: no
configure:6008: checking for BSD- or MS-compatible name lister (nm)
configure:6062: result: /c/Program Files/mingw-w64/x86_64-8.1.0-win32-seh-rt_v6-rev0/mingw64/bin/nm -B
configure:6192: checking the name lister (/c/Program Files/mingw-w64/x86_64-8.1.0-win32-seh-rt_v6-rev0/mingw64/bin/nm -B) interface
configure:6199: gcc -c -g -O2  conftest.c >&5
configure:6202: /c/Program Files/mingw-w64/x86_64-8.1.0-win32-seh-rt_v6-rev0/mingw64/bin/nm -B "conftest.o"
./configure: line 6203: /c/Program: No such file or directory
configure:6205: output
configure:6212: result: BSD nm
configure:6215: checking whether ln -s works
configure:6222: result: no, using cp -pR
configure:6227: checking the maximum length of command line arguments
configure:6358: result: 8192
configure:6406: checking how to convert x86_64-pc-mingw64 file names to x86_64-pc-mingw64 format
configure:6446: result: func_convert_file_msys_to_w32
configure:6453: checking how to convert x86_64-pc-mingw64 file names to toolchain format
configure:6473: result: func_convert_file_msys_to_w32
configure:6480: checking for C:/Program
Files/mingw-w64/x86_64-8.1.0-win32-seh-rt_v6-rev0/mingw64/x86_64-w64-mingw32/bin/ld.exe option to reload object files
configure:6487: result: -r
configure:6561: checking for objdump
configure:6577: found /c/Program Files/mingw-w64/x86_64-8.1.0-win32-seh-rt_v6-rev0/mingw64/bin/objdump
configure:6588: result: objdump
configure:6620: checking how to recognize dependent libraries
configure:6820: result: file_magic ^x86 archive import|^x86 DLL
configure:6905: checking for dlltool
configure:6921: found /c/Program Files/mingw-w64/x86_64-8.1.0-win32-seh-rt_v6-rev0/mingw64/bin/dlltool
configure:6932: result: dlltool
configure:6965: checking how to associate runtime and link libraries
configure:6992: result: func_cygming_dll_for_implib
configure:7052: checking for ar
configure:7068: found /c/Program Files/mingw-w64/x86_64-8.1.0-win32-seh-rt_v6-rev0/mingw64/bin/ar
configure:7079: result: ar
configure:7116: checking for archiver @FILE support
configure:7133: gcc -c -g -O2  conftest.c >&5
configure:7133: $? = 0
configure:7136: ar cru libconftest.a @conftest.lst >&5
configure:7139: $? = 0
configure:7144: ar cru libconftest.a @conftest.lst >&5
C:\Program Files\mingw-w64\x86_64-8.1.0-win32-seh-rt_v6-rev0\mingw64\bin\ar.exe: conftest.o: No such file or directory
configure:7147: $? = 1
configure:7159: result: @
configure:7217: checking for strip
configure:7233: found /c/Program Files/mingw-w64/x86_64-8.1.0-win32-seh-rt_v6-rev0/mingw64/bin/strip
configure:7244: result: strip
configure:7316: checking for ranlib
configure:7332: found /c/Program Files/mingw-w64/x86_64-8.1.0-win32-seh-rt_v6-rev0/mingw64/bin/ranlib
configure:7343: result: ranlib
configure:7445: checking command to parse /c/Program Files/mingw-w64/x86_64-8.1.0-win32-seh-rt_v6-rev0/mingw64/bin/nm -B output from gcc object
configure:7598: gcc -c -g -O2  conftest.c >&5
configure:7601: $? = 0
configure:7605: /c/Program Files/mingw-w64/x86_64-8.1.0-win32-seh-rt_v6-rev0/mingw64/bin/nm -B conftest.o \| sed -n -e 's/^.*[ ]\([ABCDGISTW][ABCDGISTW]*\)[ ][ ]*\([_A-Za-z][_A-Za-z0-9]*\)\{0,1\}$/\1 \2 \2/p' | sed '/ __gnu_lto/d' \> conftest.nm
./configure: line 7606: /c/Program: No such file or directory
configure:7608: $? = 0
cannot run sed -n -e 's/^.*[	 ]\([ABCDGISTW][ABCDGISTW]*\)[	 ][	 ]*\([_A-Za-z][_A-Za-z0-9]*\)\{0,1\}$/\1 \2 \2/p' | sed '/ __gnu_lto/d'
configure:7598: gcc -c -g -O2  conftest.c >&5
configure:7601: $? = 0
configure:7605: /c/Program Files/mingw-w64/x86_64-8.1.0-win32-seh-rt_v6-rev0/mingw64/bin/nm -B conftest.o \| sed -n -e 's/^.*[ ]\([ABCDGISTW][ABCDGISTW]*\)[ ][ ]*_\([_A-Za-z][_A-Za-z0-9]*\)\{0,1\}$/\1 _\2 \2/p' | sed '/ __gnu_lto/d' \> conftest.nm
./configure: line 7606: /c/Program: No such file or directory
configure:7608: $? = 0
cannot run sed -n -e 's/^.*[	 ]\([ABCDGISTW][ABCDGISTW]*\)[	 ][	 ]*_\([_A-Za-z][_A-Za-z0-9]*\)\{0,1\}$/\1 _\2 \2/p' | sed '/ __gnu_lto/d'
configure:7712: result: failed
configure:7762: checking for sysroot
configure:7792: result: no
configure:7799: checking for a working dd
configure:7837: result: /usr/bin/dd
configure:7841: checking how to truncate binary pipes
configure:7856: result: /usr/bin/dd bs=4096 count=1
configure:8185: checking for mt
configure:8215: result: no
configure:8235: checking if : is a manifest tool
configure:8241: : '-?'
configure:8249: result: no
configure:8921: checking for ANSI C header files
configure:8941: gcc -c -g -O2  conftest.c >&5
configure:8941: $? = 0
configure:9014: gcc -o conftest.exe -g -O2   conftest.c  >&5
configure:9014: $? = 0
configure:9014: ./conftest.exe
configure:9014: $? = 0
configure:9025: result: yes
configure:9038: checking for sys/types.h
configure:9038: gcc -c -g -O2  conftest.c >&5
configure:9038: $? = 0
configure:9038: result: yes
configure:9038: checking for sys/stat.h
configure:9038: gcc -c -g -O2  conftest.c >&5
configure:9038: $? = 0
configure:9038: result: yes
configure:9038: checking for stdlib.h
configure:9038: gcc -c -g -O2  conftest.c >&5
configure:9038: $? = 0
configure:9038: result: yes
configure:9038: checking for string.h
configure:9038: gcc -c -g -O2  conftest.c >&5
configure:9038: $? = 0
configure:9038: result: yes
configure:9038: checking for memory.h
configure:9038: gcc -c -g -O2  conftest.c >&5
configure:9038: $? = 0
configure:9038: result: yes
configure:9038: checking for strings.h
configure:9038: gcc -c -g -O2  conftest.c >&5
configure:9038: $? = 0
configure:9038: result: yes
configure:9038: checking for inttypes.h
configure:9038: gcc -c -g -O2  conftest.c >&5
configure:9038: $? = 0
configure:9038: result: yes
configure:9038: checking for stdint.h
configure:9038: gcc -c -g -O2  conftest.c >&5
configure:9038: $? = 0
configure:9038: result: yes
configure:9038: checking for unistd.h
configure:9038: gcc -c -g -O2  conftest.c >&5
configure:9038: $? = 0
configure:9038: result: yes
configure:9052: checking for dlfcn.h
configure:9052: gcc -c -g -O2  conftest.c >&5
conftest.c:58:10: fatal error: dlfcn.h: No such file or directory
 #include <dlfcn.h>
          ^~~~~~~~~
compilation terminated.
configure:9052: $? = 1
configure: failed program was:
| /* confdefs.h */
| #define PACKAGE_NAME "cln"
| #define PACKAGE_TARNAME "cln"
| #define PACKAGE_VERSION "1.3.6"
| #define PACKAGE_STRING "cln 1.3.6"
| #define PACKAGE_BUGREPORT ""
| #define PACKAGE_URL ""
| #define PACKAGE "cln"
| #define VERSION "1.3.6"
| #ifndef __x86_64__
| #define __x86_64__ 1
| #endif
| #define STDC_HEADERS 1
| #define HAVE_SYS_TYPES_H 1
| #define HAVE_SYS_STAT_H 1
| #define HAVE_STDLIB_H 1
| #define HAVE_STRING_H 1
| #define HAVE_MEMORY_H 1
| #define HAVE_STRINGS_H 1
| #define HAVE_INTTYPES_H 1
| #define HAVE_STDINT_H 1
| #define HAVE_UNISTD_H 1
| /* end confdefs.h.  */
| #include <stdio.h>
| #ifdef HAVE_SYS_TYPES_H
| # include <sys/types.h>
| #endif
| #ifdef HAVE_SYS_STAT_H
| # include <sys/stat.h>
| #endif
| #ifdef STDC_HEADERS
| # include <stdlib.h>
| # include <stddef.h>
| #else
| # ifdef HAVE_STDLIB_H
| #  include <stdlib.h>
| # endif
| #endif
| #ifdef HAVE_STRING_H
| # if !defined STDC_HEADERS && defined HAVE_MEMORY_H
| #  include <memory.h>
| # endif
| # include <string.h>
| #endif
| #ifdef HAVE_STRINGS_H
| # include <strings.h>
| #endif
| #ifdef HAVE_INTTYPES_H
| # include <inttypes.h>
| #endif
| #ifdef HAVE_STDINT_H
| # include <stdint.h>
| #endif
| #ifdef HAVE_UNISTD_H
| # include <unistd.h>
| #endif
| 
| #include <dlfcn.h>
configure:9052: result: no
configure:9289: checking for objdir
configure:9304: result: .libs
configure:9568: checking if gcc supports -fno-rtti -fno-exceptions
configure:9586: gcc -c -g -O2  -fno-rtti -fno-exceptions conftest.c >&5
cc1.exe: warning: command line option '-fno-rtti' is valid for C++/ObjC++ but not for C
configure:9590: $? = 0
configure:9603: result: no
configure:9961: checking for gcc option to produce PIC
configure:9968: result: -DDLL_EXPORT -DPIC
configure:9976: checking if gcc PIC flag -DDLL_EXPORT -DPIC works
configure:9994: gcc -c -g -O2  -DDLL_EXPORT -DPIC -DPIC conftest.c >&5
configure:9998: $? = 0
configure:10011: result: yes
configure:10040: checking if gcc static flag -static works
configure:10068: result: yes
configure:10083: checking if gcc supports -c -o file.o
configure:10104: gcc -c -g -O2  -o out/conftest2.o conftest.c >&5
configure:10108: $? = 0
configure:10130: result: yes
configure:10138: checking if gcc supports -c -o file.o
configure:10185: result: yes
configure:10218: checking whether the gcc linker (C:/Program
Files/mingw-w64/x86_64-8.1.0-win32-seh-rt_v6-rev0/mingw64/x86_64-w64-mingw32/bin/ld.exe) supports shared libraries
configure:11477: result: yes
configure:11717: checking dynamic linker characteristics
configure:12535: result: Win32 ld.exe
configure:12657: checking how to hardcode library paths into programs
configure:12682: result: immediate
configure:13230: checking whether stripping libraries is possible
configure:13235: result: yes
configure:13270: checking if libtool supports shared libraries
configure:13272: result: yes
configure:13275: checking whether to build shared libraries
configure:13300: result: no
configure:13303: checking whether to build static libraries
configure:13307: result: yes
configure:13330: checking how to run the C++ preprocessor
configure:13396: result: g++ -E
configure:13416: g++ -E  conftest.cpp
configure:13416: $? = 0
configure:13430: g++ -E  conftest.cpp
conftest.cpp:25:10: fatal error: ac_nonexistent.h: No such file or directory
 #include <ac_nonexistent.h>
          ^~~~~~~~~~~~~~~~~~
compilation terminated.
configure:13430: $? = 1
configure: failed program was:
| /* confdefs.h */
| #define PACKAGE_NAME "cln"
| #define PACKAGE_TARNAME "cln"
| #define PACKAGE_VERSION "1.3.6"
| #define PACKAGE_STRING "cln 1.3.6"
| #define PACKAGE_BUGREPORT ""
| #define PACKAGE_URL ""
| #define PACKAGE "cln"
| #define VERSION "1.3.6"
| #ifndef __x86_64__
| #define __x86_64__ 1
| #endif
| #define STDC_HEADERS 1
| #define HAVE_SYS_TYPES_H 1
| #define HAVE_SYS_STAT_H 1
| #define HAVE_STDLIB_H 1
| #define HAVE_STRING_H 1
| #define HAVE_MEMORY_H 1
| #define HAVE_STRINGS_H 1
| #define HAVE_INTTYPES_H 1
| #define HAVE_STDINT_H 1
| #define HAVE_UNISTD_H 1
| #define LT_OBJDIR ".libs/"
| /* end confdefs.h.  */
| #include <ac_nonexistent.h>
configure:13592: checking for ld used by g++
configure:13659: result: C:/Program
Files/mingw-w64/x86_64-8.1.0-win32-seh-rt_v6-rev0/mingw64/x86_64-w64-mingw32/bin/ld.exe
configure:13666: checking if the linker (C:/Program
Files/mingw-w64/x86_64-8.1.0-win32-seh-rt_v6-rev0/mingw64/x86_64-w64-mingw32/bin/ld.exe) is GNU ld
configure:13681: result: no
configure:13736: checking whether the g++ linker (C:/Program
Files/mingw-w64/x86_64-8.1.0-win32-seh-rt_v6-rev0/mingw64/x86_64-w64-mingw32/bin/ld.exe) supports shared libraries
configure:14809: result: no
configure:14845: g++ -c -g -O2  conftest.cpp >&5
configure:14848: $? = 0
configure:15329: checking for g++ option to produce PIC
configure:15336: result: -DDLL_EXPORT -DPIC
configure:15344: checking if g++ PIC flag -DDLL_EXPORT -DPIC works
configure:15362: g++ -c -g -O2  -DDLL_EXPORT -DPIC -DPIC conftest.cpp >&5
configure:15366: $? = 0
configure:15379: result: yes
configure:15402: checking if g++ static flag -static works
configure:15430: result: yes
configure:15442: checking if g++ supports -c -o file.o
configure:15463: g++ -c -g -O2  -o out/conftest2.o conftest.cpp >&5
configure:15467: $? = 0
configure:15489: result: yes
configure:15494: checking if g++ supports -c -o file.o
configure:15541: result: yes
configure:15571: checking whether the g++ linker (C:/Program
Files/mingw-w64/x86_64-8.1.0-win32-seh-rt_v6-rev0/mingw64/x86_64-w64-mingw32/bin/ld.exe) supports shared libraries
configure:15611: result: no
configure:15752: checking dynamic linker characteristics
configure:16497: result: Win32 ld.exe
configure:16562: checking how to hardcode library paths into programs
configure:16587: result: immediate
configure:16696: checking whether g++ supports C++11 features with -std=gnu++11
configure:16994: g++ -std=gnu++11 -c -g -O2  conftest.cpp >&5
configure:16994: $? = 0
configure:17003: result: yes
configure:17040: checking for long long type
configure:17087: g++ -std=gnu++11 -o conftest.exe -g -O2   conftest.cpp  >&5
configure:17087: $? = 0
configure:17087: ./conftest.exe
configure:17087: $? = 0
configure:17098: result: yes
configure:17106: checking for long double type
configure:17145: g++ -std=gnu++11 -o conftest.exe -g -O2   conftest.cpp  >&5
configure:17145: $? = 0
configure:17145: ./conftest.exe
configure:17145: $? = 0
configure:17156: result: yes
configure:17167: checking for unistd.h
configure:17167: result: yes
configure:17179: checking for working alloca.h
configure:17196: g++ -std=gnu++11 -o conftest.exe -g -O2   conftest.cpp  >&5
conftest.cpp:33:10: fatal error: alloca.h: No such file or directory
 #include <alloca.h>
          ^~~~~~~~~~
compilation terminated.
configure:17196: $? = 1
configure: failed program was:
| /* confdefs.h */
| #define PACKAGE_NAME "cln"
| #define PACKAGE_TARNAME "cln"
| #define PACKAGE_VERSION "1.3.6"
| #define PACKAGE_STRING "cln 1.3.6"
| #define PACKAGE_BUGREPORT ""
| #define PACKAGE_URL ""
| #define PACKAGE "cln"
| #define VERSION "1.3.6"
| #ifndef __x86_64__
| #define __x86_64__ 1
| #endif
| #define STDC_HEADERS 1
| #define HAVE_SYS_TYPES_H 1
| #define HAVE_SYS_STAT_H 1
| #define HAVE_STDLIB_H 1
| #define HAVE_STRING_H 1
| #define HAVE_MEMORY_H 1
| #define HAVE_STRINGS_H 1
| #define HAVE_INTTYPES_H 1
| #define HAVE_STDINT_H 1
| #define HAVE_UNISTD_H 1
| #define LT_OBJDIR ".libs/"
| #define CL_VERSION_MAJOR 1
| #define CL_VERSION_MINOR 3
| #define CL_VERSION_PATCHLEVEL 6
| #define CL_VERSION 1.3.6
| #define HAVE_CXX11 1
| #define HAVE_LONGLONG /**/
| #define HAVE_LONGDOUBLE /**/
| #define HAVE_UNISTD_H 1
| /* end confdefs.h.  */
| #include <alloca.h>
| int
| main ()
| {
| char *p = (char *) alloca(2 * sizeof(int));
|   ;
|   return 0;
| }
configure:17206: result: no
configure:17235: checking for alloca
configure:17252: g++ -std=gnu++11 -o conftest.exe -g -O2   conftest.cpp  >&5
configure:17252: $? = 0
configure:17262: result: yes
configure:17283: checking for gettimeofday
configure:17283: g++ -std=gnu++11 -o conftest.exe -g -O2   conftest.cpp  >&5
configure:17283: $? = 0
configure:17283: result: yes
configure:17292: checking for gettimeofday declaration
configure:17323: g++ -std=gnu++11 -c -g -O2  conftest.cpp >&5
conftest.cpp:44:5: error: conflicting declaration of C function 'int gettimeofday(timeval*, timezone*)'
 int gettimeofday (struct timeval * tp, struct timezone * tzp);
     ^~~~~~~~~~~~
In file included from conftest.cpp:36:
C:/Program Files/mingw-w64/x86_64-8.1.0-win32-seh-rt_v6-rev0/mingw64/x86_64-w64-mingw32/include/sys/time.h:42:13: note: previous declaration 'int gettimeofday(timeval*, void*)'
 int __cdecl gettimeofday(struct timeval *__restrict__,
             ^~~~~~~~~~~~
configure:17323: $? = 1
configure: failed program was:
| /* confdefs.h */
| #define PACKAGE_NAME "cln"
| #define PACKAGE_TARNAME "cln"
| #define PACKAGE_VERSION "1.3.6"
| #define PACKAGE_STRING "cln 1.3.6"
| #define PACKAGE_BUGREPORT ""
| #define PACKAGE_URL ""
| #define PACKAGE "cln"
| #define VERSION "1.3.6"
| #ifndef __x86_64__
| #define __x86_64__ 1
| #endif
| #define STDC_HEADERS 1
| #define HAVE_SYS_TYPES_H 1
| #define HAVE_SYS_STAT_H 1
| #define HAVE_STDLIB_H 1
| #define HAVE_STRING_H 1
| #define HAVE_MEMORY_H 1
| #define HAVE_STRINGS_H 1
| #define HAVE_INTTYPES_H 1
| #define HAVE_STDINT_H 1
| #define HAVE_UNISTD_H 1
| #define LT_OBJDIR ".libs/"
| #define CL_VERSION_MAJOR 1
| #define CL_VERSION_MINOR 3
| #define CL_VERSION_PATCHLEVEL 6
| #define CL_VERSION 1.3.6
| #define HAVE_CXX11 1
| #define HAVE_LONGLONG /**/
| #define HAVE_LONGDOUBLE /**/
| #define HAVE_UNISTD_H 1
| #define HAVE_GETTIMEOFDAY 1
| /* end confdefs.h.  */
| 
| #include <sys/types.h>
| #include <sys/time.h>
| 
| extern
| #ifdef __cplusplus
| "C"
| #endif
| 
| #if defined(__STDC__) || defined(__cplusplus)
| int gettimeofday (struct timeval * tp, struct timezone * tzp);
| #else
| int gettimeofday();
| #endif
| 
| int
| main ()
| {
| 
|   ;
|   return 0;
| }
configure:17353: g++ -std=gnu++11 -c -g -O2  conftest.cpp >&5
configure:17353: $? = 0
configure:17371: result: 
         extern int gettimeofday (struct timeval *, void *);
configure:17392: checking sys/resource.h usability
configure:17392: g++ -std=gnu++11 -c -g -O2  conftest.cpp >&5
conftest.cpp:68:10: fatal error: sys/resource.h: No such file or directory
 #include <sys/resource.h>
          ^~~~~~~~~~~~~~~~
compilation terminated.
configure:17392: $? = 1
configure: failed program was:
| /* confdefs.h */
| #define PACKAGE_NAME "cln"
| #define PACKAGE_TARNAME "cln"
| #define PACKAGE_VERSION "1.3.6"
| #define PACKAGE_STRING "cln 1.3.6"
| #define PACKAGE_BUGREPORT ""
| #define PACKAGE_URL ""
| #define PACKAGE "cln"
| #define VERSION "1.3.6"
| #ifndef __x86_64__
| #define __x86_64__ 1
| #endif
| #define STDC_HEADERS 1
| #define HAVE_SYS_TYPES_H 1
| #define HAVE_SYS_STAT_H 1
| #define HAVE_STDLIB_H 1
| #define HAVE_STRING_H 1
| #define HAVE_MEMORY_H 1
| #define HAVE_STRINGS_H 1
| #define HAVE_INTTYPES_H 1
| #define HAVE_STDINT_H 1
| #define HAVE_UNISTD_H 1
| #define LT_OBJDIR ".libs/"
| #define CL_VERSION_MAJOR 1
| #define CL_VERSION_MINOR 3
| #define CL_VERSION_PATCHLEVEL 6
| #define CL_VERSION 1.3.6
| #define HAVE_CXX11 1
| #define HAVE_LONGLONG /**/
| #define HAVE_LONGDOUBLE /**/
| #define HAVE_UNISTD_H 1
| #define HAVE_GETTIMEOFDAY 1
| #define GETTIMEOFDAY_TZP_T void *
| /* end confdefs.h.  */
| #include <stdio.h>
| #ifdef HAVE_SYS_TYPES_H
| # include <sys/types.h>
| #endif
| #ifdef HAVE_SYS_STAT_H
| # include <sys/stat.h>
| #endif
| #ifdef STDC_HEADERS
| # include <stdlib.h>
| # include <stddef.h>
| #else
| # ifdef HAVE_STDLIB_H
| #  include <stdlib.h>
| # endif
| #endif
| #ifdef HAVE_STRING_H
| # if !defined STDC_HEADERS && defined HAVE_MEMORY_H
| #  include <memory.h>
| # endif
| # include <string.h>
| #endif
| #ifdef HAVE_STRINGS_H
| # include <strings.h>
| #endif
| #ifdef HAVE_INTTYPES_H
| # include <inttypes.h>
| #endif
| #ifdef HAVE_STDINT_H
| # include <stdint.h>
| #endif
| #ifdef HAVE_UNISTD_H
| # include <unistd.h>
| #endif
| #include <sys/resource.h>
configure:17392: result: no
configure:17392: checking sys/resource.h presence
configure:17392: g++ -E -std=gnu++11  conftest.cpp
conftest.cpp:35:10: fatal error: sys/resource.h: No such file or directory
 #include <sys/resource.h>
          ^~~~~~~~~~~~~~~~
compilation terminated.
configure:17392: $? = 1
configure: failed program was:
| /* confdefs.h */
| #define PACKAGE_NAME "cln"
| #define PACKAGE_TARNAME "cln"
| #define PACKAGE_VERSION "1.3.6"
| #define PACKAGE_STRING "cln 1.3.6"
| #define PACKAGE_BUGREPORT ""
| #define PACKAGE_URL ""
| #define PACKAGE "cln"
| #define VERSION "1.3.6"
| #ifndef __x86_64__
| #define __x86_64__ 1
| #endif
| #define STDC_HEADERS 1
| #define HAVE_SYS_TYPES_H 1
| #define HAVE_SYS_STAT_H 1
| #define HAVE_STDLIB_H 1
| #define HAVE_STRING_H 1
| #define HAVE_MEMORY_H 1
| #define HAVE_STRINGS_H 1
| #define HAVE_INTTYPES_H 1
| #define HAVE_STDINT_H 1
| #define HAVE_UNISTD_H 1
| #define LT_OBJDIR ".libs/"
| #define CL_VERSION_MAJOR 1
| #define CL_VERSION_MINOR 3
| #define CL_VERSION_PATCHLEVEL 6
| #define CL_VERSION 1.3.6
| #define HAVE_CXX11 1
| #define HAVE_LONGLONG /**/
| #define HAVE_LONGDOUBLE /**/
| #define HAVE_UNISTD_H 1
| #define HAVE_GETTIMEOFDAY 1
| #define GETTIMEOFDAY_TZP_T void *
| /* end confdefs.h.  */
| #include <sys/resource.h>
configure:17392: result: no
configure:17392: checking for sys/resource.h
configure:17392: result: no
configure:17392: checking sys/times.h usability
configure:17392: g++ -std=gnu++11 -c -g -O2  conftest.cpp >&5
conftest.cpp:68:10: fatal error: sys/times.h: No such file or directory
 #include <sys/times.h>
          ^~~~~~~~~~~~~
compilation terminated.
configure:17392: $? = 1
configure: failed program was:
| /* confdefs.h */
| #define PACKAGE_NAME "cln"
| #define PACKAGE_TARNAME "cln"
| #define PACKAGE_VERSION "1.3.6"
| #define PACKAGE_STRING "cln 1.3.6"
| #define PACKAGE_BUGREPORT ""
| #define PACKAGE_URL ""
| #define PACKAGE "cln"
| #define VERSION "1.3.6"
| #ifndef __x86_64__
| #define __x86_64__ 1
| #endif
| #define STDC_HEADERS 1
| #define HAVE_SYS_TYPES_H 1
| #define HAVE_SYS_STAT_H 1
| #define HAVE_STDLIB_H 1
| #define HAVE_STRING_H 1
| #define HAVE_MEMORY_H 1
| #define HAVE_STRINGS_H 1
| #define HAVE_INTTYPES_H 1
| #define HAVE_STDINT_H 1
| #define HAVE_UNISTD_H 1
| #define LT_OBJDIR ".libs/"
| #define CL_VERSION_MAJOR 1
| #define CL_VERSION_MINOR 3
| #define CL_VERSION_PATCHLEVEL 6
| #define CL_VERSION 1.3.6
| #define HAVE_CXX11 1
| #define HAVE_LONGLONG /**/
| #define HAVE_LONGDOUBLE /**/
| #define HAVE_UNISTD_H 1
| #define HAVE_GETTIMEOFDAY 1
| #define GETTIMEOFDAY_TZP_T void *
| /* end confdefs.h.  */
| #include <stdio.h>
| #ifdef HAVE_SYS_TYPES_H
| # include <sys/types.h>
| #endif
| #ifdef HAVE_SYS_STAT_H
| # include <sys/stat.h>
| #endif
| #ifdef STDC_HEADERS
| # include <stdlib.h>
| # include <stddef.h>
| #else
| # ifdef HAVE_STDLIB_H
| #  include <stdlib.h>
| # endif
| #endif
| #ifdef HAVE_STRING_H
| # if !defined STDC_HEADERS && defined HAVE_MEMORY_H
| #  include <memory.h>
| # endif
| # include <string.h>
| #endif
| #ifdef HAVE_STRINGS_H
| # include <strings.h>
| #endif
| #ifdef HAVE_INTTYPES_H
| # include <inttypes.h>
| #endif
| #ifdef HAVE_STDINT_H
| # include <stdint.h>
| #endif
| #ifdef HAVE_UNISTD_H
| # include <unistd.h>
| #endif
| #include <sys/times.h>
configure:17392: result: no
configure:17392: checking sys/times.h presence
configure:17392: g++ -E -std=gnu++11  conftest.cpp
conftest.cpp:35:10: fatal error: sys/times.h: No such file or directory
 #include <sys/times.h>
          ^~~~~~~~~~~~~
compilation terminated.
configure:17392: $? = 1
configure: failed program was:
| /* confdefs.h */
| #define PACKAGE_NAME "cln"
| #define PACKAGE_TARNAME "cln"
| #define PACKAGE_VERSION "1.3.6"
| #define PACKAGE_STRING "cln 1.3.6"
| #define PACKAGE_BUGREPORT ""
| #define PACKAGE_URL ""
| #define PACKAGE "cln"
| #define VERSION "1.3.6"
| #ifndef __x86_64__
| #define __x86_64__ 1
| #endif
| #define STDC_HEADERS 1
| #define HAVE_SYS_TYPES_H 1
| #define HAVE_SYS_STAT_H 1
| #define HAVE_STDLIB_H 1
| #define HAVE_STRING_H 1
| #define HAVE_MEMORY_H 1
| #define HAVE_STRINGS_H 1
| #define HAVE_INTTYPES_H 1
| #define HAVE_STDINT_H 1
| #define HAVE_UNISTD_H 1
| #define LT_OBJDIR ".libs/"
| #define CL_VERSION_MAJOR 1
| #define CL_VERSION_MINOR 3
| #define CL_VERSION_PATCHLEVEL 6
| #define CL_VERSION 1.3.6
| #define HAVE_CXX11 1
| #define HAVE_LONGLONG /**/
| #define HAVE_LONGDOUBLE /**/
| #define HAVE_UNISTD_H 1
| #define HAVE_GETTIMEOFDAY 1
| #define GETTIMEOFDAY_TZP_T void *
| /* end confdefs.h.  */
| #include <sys/times.h>
configure:17392: result: no
configure:17392: checking for sys/times.h
configure:17392: result: no
configure:17558: checking for perror declaration
configure:17584: g++ -std=gnu++11 -c -g -O2  conftest.cpp >&5
conftest.cpp:44:8: error: conflicting declaration of C function 'double perror()'
 double perror ();
        ^~~~~~
In file included from conftest.cpp:38:
C:/Program Files/mingw-w64/x86_64-8.1.0-win32-seh-rt_v6-rev0/mingw64/x86_64-w64-mingw32/include/stdio.h:662:16: note: previous declaration 'void perror(const char*)'
   void __cdecl perror(const char *_ErrMsg);
                ^~~~~~
configure:17584: $? = 1
configure: failed program was:
| /* confdefs.h */
| #define PACKAGE_NAME "cln"
| #define PACKAGE_TARNAME "cln"
| #define PACKAGE_VERSION "1.3.6"
| #define PACKAGE_STRING "cln 1.3.6"
| #define PACKAGE_BUGREPORT ""
| #define PACKAGE_URL ""
| #define PACKAGE "cln"
| #define VERSION "1.3.6"
| #ifndef __x86_64__
| #define __x86_64__ 1
| #endif
| #define STDC_HEADERS 1
| #define HAVE_SYS_TYPES_H 1
| #define HAVE_SYS_STAT_H 1
| #define HAVE_STDLIB_H 1
| #define HAVE_STRING_H 1
| #define HAVE_MEMORY_H 1
| #define HAVE_STRINGS_H 1
| #define HAVE_INTTYPES_H 1
| #define HAVE_STDINT_H 1
| #define HAVE_UNISTD_H 1
| #define LT_OBJDIR ".libs/"
| #define CL_VERSION_MAJOR 1
| #define CL_VERSION_MINOR 3
| #define CL_VERSION_PATCHLEVEL 6
| #define CL_VERSION 1.3.6
| #define HAVE_CXX11 1
| #define HAVE_LONGLONG /**/
| #define HAVE_LONGDOUBLE /**/
| #define HAVE_UNISTD_H 1
| #define HAVE_GETTIMEOFDAY 1
| #define GETTIMEOFDAY_TZP_T void *
| /* end confdefs.h.  */
| 
| /* Some systems declare perror() in <errno.h>, some in <stdio.h>, some don't
|    declare it at all. */
| #include <stdio.h>
| #include <errno.h>
| extern
| #ifdef __cplusplus
| "C"
| #endif
| double perror ();
| int
| main ()
| {
| 
|   ;
|   return 0;
| }
configure:17593: result: yes
configure:17603: checking whether the compiler supports __attribute__((flatten))
configure:17612: g++ -std=gnu++11 -g -O2 -c conftest.cc >/dev/null 2>conftest.stderr
configure:17615: $? = 0
configure:17629: result: yes
configure:17637: checking whether char is unsigned
configure:17656: g++ -std=gnu++11 -c -g -O2  conftest.cpp >&5
configure:17656: $? = 0
configure:17663: result: no
configure:17674: checking whether byte ordering is bigendian
configure:17689: g++ -std=gnu++11 -c -g -O2  conftest.cpp >&5
conftest.cpp:38:9: error: expected unqualified-id before 'not' token
         not a universal capable compiler
         ^~~
configure:17689: $? = 1
configure: failed program was:
| /* confdefs.h */
| #define PACKAGE_NAME "cln"
| #define PACKAGE_TARNAME "cln"
| #define PACKAGE_VERSION "1.3.6"
| #define PACKAGE_STRING "cln 1.3.6"
| #define PACKAGE_BUGREPORT ""
| #define PACKAGE_URL ""
| #define PACKAGE "cln"
| #define VERSION "1.3.6"
| #ifndef __x86_64__
| #define __x86_64__ 1
| #endif
| #define STDC_HEADERS 1
| #define HAVE_SYS_TYPES_H 1
| #define HAVE_SYS_STAT_H 1
| #define HAVE_STDLIB_H 1
| #define HAVE_STRING_H 1
| #define HAVE_MEMORY_H 1
| #define HAVE_STRINGS_H 1
| #define HAVE_INTTYPES_H 1
| #define HAVE_STDINT_H 1
| #define HAVE_UNISTD_H 1
| #define LT_OBJDIR ".libs/"
| #define CL_VERSION_MAJOR 1
| #define CL_VERSION_MINOR 3
| #define CL_VERSION_PATCHLEVEL 6
| #define CL_VERSION 1.3.6
| #define HAVE_CXX11 1
| #define HAVE_LONGLONG /**/
| #define HAVE_LONGDOUBLE /**/
| #define HAVE_UNISTD_H 1
| #define HAVE_GETTIMEOFDAY 1
| #define GETTIMEOFDAY_TZP_T void *
| #define HAVE_PERROR_DECL /**/
| #define CL_HAVE_ATTRIBUTE_FLATTEN /**/
| /* end confdefs.h.  */
| #ifndef __APPLE_CC__
| 	       not a universal capable compiler
| 	     #endif
| 	     typedef int dummy;
| 
configure:17734: g++ -std=gnu++11 -c -g -O2  conftest.cpp >&5
configure:17734: $? = 0
configure:17752: g++ -std=gnu++11 -c -g -O2  conftest.cpp >&5
conftest.cpp: In function 'int main()':
conftest.cpp:44:8: error: 'big' was not declared in this scope
    not big endian
        ^~~
configure:17752: $? = 1
configure: failed program was:
| /* confdefs.h */
| #define PACKAGE_NAME "cln"
| #define PACKAGE_TARNAME "cln"
| #define PACKAGE_VERSION "1.3.6"
| #define PACKAGE_STRING "cln 1.3.6"
| #define PACKAGE_BUGREPORT ""
| #define PACKAGE_URL ""
| #define PACKAGE "cln"
| #define VERSION "1.3.6"
| #ifndef __x86_64__
| #define __x86_64__ 1
| #endif
| #define STDC_HEADERS 1
| #define HAVE_SYS_TYPES_H 1
| #define HAVE_SYS_STAT_H 1
| #define HAVE_STDLIB_H 1
| #define HAVE_STRING_H 1
| #define HAVE_MEMORY_H 1
| #define HAVE_STRINGS_H 1
| #define HAVE_INTTYPES_H 1
| #define HAVE_STDINT_H 1
| #define HAVE_UNISTD_H 1
| #define LT_OBJDIR ".libs/"
| #define CL_VERSION_MAJOR 1
| #define CL_VERSION_MINOR 3
| #define CL_VERSION_PATCHLEVEL 6
| #define CL_VERSION 1.3.6
| #define HAVE_CXX11 1
| #define HAVE_LONGLONG /**/
| #define HAVE_LONGDOUBLE /**/
| #define HAVE_UNISTD_H 1
| #define HAVE_GETTIMEOFDAY 1
| #define GETTIMEOFDAY_TZP_T void *
| #define HAVE_PERROR_DECL /**/
| #define CL_HAVE_ATTRIBUTE_FLATTEN /**/
| /* end confdefs.h.  */
| #include <sys/types.h>
| 		#include <sys/param.h>
| 
| int
| main ()
| {
| #if BYTE_ORDER != BIG_ENDIAN
| 		 not big endian
| 		#endif
| 
|   ;
|   return 0;
| }
configure:17880: result: no
configure:17900: checking for integer types and behaviour...
configure:17914: g++ -std=gnu++11 -o conftest.exe -g -O2   conftest.cpp  >&5
conftest.cpp: In function 'void main8()':
conftest.cpp:478:64: warning: ISO C++ forbids converting a string constant to 'char*' [-Wwrite-strings]
     if (!(typestr[0] == 'u') && !(typestr[string_length(typestr)-1] == '*'))                              \
                                                                ^
conftest.cpp:486:3: note: in expansion of macro 'get_alignment'
   get_alignment(char,"char"); get_alignment(uchar,"unsigned char");
   ^~~~~~~~~~~~~
conftest.cpp:478:64: warning: ISO C++ forbids converting a string constant to 'char*' [-Wwrite-strings]
     if (!(typestr[0] == 'u') && !(typestr[string_length(typestr)-1] == '*'))                              \
                                                                ^
conftest.cpp:486:31: note: in expansion of macro 'get_alignment'
   get_alignment(char,"char"); get_alignment(uchar,"unsigned char");
                               ^~~~~~~~~~~~~
conftest.cpp:478:64: warning: ISO C++ forbids converting a string constant to 'char*' [-Wwrite-strings]
     if (!(typestr[0] == 'u') && !(typestr[string_length(typestr)-1] == '*'))                              \
                                                                ^
conftest.cpp:487:3: note: in expansion of macro 'get_alignment'
   get_alignment(short,"short"); get_alignment(ushort,"unsigned short");
   ^~~~~~~~~~~~~
conftest.cpp:478:64: warning: ISO C++ forbids converting a string constant to 'char*' [-Wwrite-strings]
     if (!(typestr[0] == 'u') && !(typestr[string_length(typestr)-1] == '*'))                              \
                                                                ^
conftest.cpp:487:33: note: in expansion of macro 'get_alignment'
   get_alignment(short,"short"); get_alignment(ushort,"unsigned short");
                                 ^~~~~~~~~~~~~
conftest.cpp:478:64: warning: ISO C++ forbids converting a string constant to 'char*' [-Wwrite-strings]
     if (!(typestr[0] == 'u') && !(typestr[string_length(typestr)-1] == '*'))                              \
                                                                ^
conftest.cpp:488:3: note: in expansion of macro 'get_alignment'
   get_alignment(int,"int"); get_alignment(uint,"unsigned int");
   ^~~~~~~~~~~~~
conftest.cpp:478:64: warning: ISO C++ forbids converting a string constant to 'char*' [-Wwrite-strings]
     if (!(typestr[0] == 'u') && !(typestr[string_length(typestr)-1] == '*'))                              \
                                                                ^
conftest.cpp:488:29: note: in expansion of macro 'get_alignment'
   get_alignment(int,"int"); get_alignment(uint,"unsigned int");
                             ^~~~~~~~~~~~~
conftest.cpp:478:64: warning: ISO C++ forbids converting a string constant to 'char*' [-Wwrite-strings]
     if (!(typestr[0] == 'u') && !(typestr[string_length(typestr)-1] == '*'))                              \
                                                                ^
conftest.cpp:489:3: note: in expansion of macro 'get_alignment'
   get_alignment(long,"long"); get_alignment(ulong,"unsigned long");
   ^~~~~~~~~~~~~
conftest.cpp:478:64: warning: ISO C++ forbids converting a string constant to 'char*' [-Wwrite-strings]
     if (!(typestr[0] == 'u') && !(typestr[string_length(typestr)-1] == '*'))                              \
                                                                ^
conftest.cpp:489:31: note: in expansion of macro 'get_alignment'
   get_alignment(long,"long"); get_alignment(ulong,"unsigned long");
                               ^~~~~~~~~~~~~
conftest.cpp:478:64: warning: ISO C++ forbids converting a string constant to 'char*' [-Wwrite-strings]
     if (!(typestr[0] == 'u') && !(typestr[string_length(typestr)-1] == '*'))                              \
                                                                ^
conftest.cpp:491:3: note: in expansion of macro 'get_alignment'
   get_alignment(longlong,"long long"); get_alignment(ulonglong,"unsigned long long");
   ^~~~~~~~~~~~~
conftest.cpp:478:64: warning: ISO C++ forbids converting a string constant to 'char*' [-Wwrite-strings]
     if (!(typestr[0] == 'u') && !(typestr[string_length(typestr)-1] == '*'))                              \
                                                                ^
conftest.cpp:491:40: note: in expansion of macro 'get_alignment'
   get_alignment(longlong,"long long"); get_alignment(ulonglong,"unsigned long long");
                                        ^~~~~~~~~~~~~
conftest.cpp:478:64: warning: ISO C++ forbids converting a string constant to 'char*' [-Wwrite-strings]
     if (!(typestr[0] == 'u') && !(typestr[string_length(typestr)-1] == '*'))                              \
                                                                ^
conftest.cpp:493:3: note: in expansion of macro 'get_alignment'
   get_alignment(float,"float");
   ^~~~~~~~~~~~~
conftest.cpp:478:64: warning: ISO C++ forbids converting a string constant to 'char*' [-Wwrite-strings]
     if (!(typestr[0] == 'u') && !(typestr[string_length(typestr)-1] == '*'))                              \
                                                                ^
conftest.cpp:494:3: note: in expansion of macro 'get_alignment'
   get_alignment(double,"double");
   ^~~~~~~~~~~~~
conftest.cpp:478:64: warning: ISO C++ forbids converting a string constant to 'char*' [-Wwrite-strings]
     if (!(typestr[0] == 'u') && !(typestr[string_length(typestr)-1] == '*'))                              \
                                                                ^
conftest.cpp:495:3: note: in expansion of macro 'get_alignment'
   get_alignment(char*,"char *");
   ^~~~~~~~~~~~~
conftest.cpp:478:64: warning: ISO C++ forbids converting a string constant to 'char*' [-Wwrite-strings]
     if (!(typestr[0] == 'u') && !(typestr[string_length(typestr)-1] == '*'))                              \
                                                                ^
conftest.cpp:496:3: note: in expansion of macro 'get_alignment'
   get_alignment(long*,"long *");
   ^~~~~~~~~~~~~
conftest.cpp:478:64: warning: ISO C++ forbids converting a string constant to 'char*' [-Wwrite-strings]
     if (!(typestr[0] == 'u') && !(typestr[string_length(typestr)-1] == '*'))                              \
                                                                ^
conftest.cpp:497:3: note: in expansion of macro 'get_alignment'
   get_alignment(function*,"function *");
   ^~~~~~~~~~~~~
configure:17917: $? = 0
configure:19033: checking for floating-point types and behaviour...
configure:19047: g++ -std=gnu++11 -o conftest.exe -g -O2   conftest.cpp  >&5
configure:19050: $? = 0
configure:19285: checking for ld
configure:19413: result: C:/Program
Files/mingw-w64/x86_64-8.1.0-win32-seh-rt_v6-rev0/mingw64/x86_64-w64-mingw32/bin/ld.exe
configure:19420: checking if the linker (C:/Program
Files/mingw-w64/x86_64-8.1.0-win32-seh-rt_v6-rev0/mingw64/x86_64-w64-mingw32/bin/ld.exe) is GNU ld
configure:19435: result: no
configure:19442: checking for shared library run path origin
configure:19455: result: done
configure:19476: checking 32-bit host C ABI
configure:19534: g++ -std=gnu++11 -c -g -O2  conftest.cpp >&5
configure:19534: $? = 0
configure:19721: result: no
configure:19758: checking for the common suffixes of directories in the library search path
configure:19809: result: lib,lib
configure:19827: checking for recent enough gmp.h
configure:19840: g++ -E -std=gnu++11  conftest.cpp
conftest.cpp:37:10: fatal error: gmp.h: No such file or directory
 #include <gmp.h>
          ^~~~~~~
compilation terminated.
configure:19840: $? = 1
configure: failed program was:
| /* confdefs.h */
| #define PACKAGE_NAME "cln"
| #define PACKAGE_TARNAME "cln"
| #define PACKAGE_VERSION "1.3.6"
| #define PACKAGE_STRING "cln 1.3.6"
| #define PACKAGE_BUGREPORT ""
| #define PACKAGE_URL ""
| #define PACKAGE "cln"
| #define VERSION "1.3.6"
| #ifndef __x86_64__
| #define __x86_64__ 1
| #endif
| #define STDC_HEADERS 1
| #define HAVE_SYS_TYPES_H 1
| #define HAVE_SYS_STAT_H 1
| #define HAVE_STDLIB_H 1
| #define HAVE_STRING_H 1
| #define HAVE_MEMORY_H 1
| #define HAVE_STRINGS_H 1
| #define HAVE_INTTYPES_H 1
| #define HAVE_STDINT_H 1
| #define HAVE_UNISTD_H 1
| #define LT_OBJDIR ".libs/"
| #define CL_VERSION_MAJOR 1
| #define CL_VERSION_MINOR 3
| #define CL_VERSION_PATCHLEVEL 6
| #define CL_VERSION 1.3.6
| #define HAVE_CXX11 1
| #define HAVE_LONGLONG /**/
| #define HAVE_LONGDOUBLE /**/
| #define HAVE_UNISTD_H 1
| #define HAVE_GETTIMEOFDAY 1
| #define GETTIMEOFDAY_TZP_T void *
| #define HAVE_PERROR_DECL /**/
| #define CL_HAVE_ATTRIBUTE_FLATTEN /**/
| /* end confdefs.h.  */
| #include <gmp.h>
| #if !defined(__GNU_MP_VERSION) || (__GNU_MP_VERSION < 3)
|  #error "ancient gmp.h"
| #endif
configure:19848: result: no
configure:20000: WARNING: The header file <gmp.h> is too old to be used.
configure:20354: WARNING: cache variable lt_cv_path_LD contains a newline
configure:20354: WARNING: cache variable lt_cv_path_LDCXX contains a newline
configure:20436: checking that generated files are newer than configure
configure:20442: result: done
configure:20474: creating ./config.status

## ---------------------- ##
## Running config.status. ##
## ---------------------- ##

This file was extended by cln config.status 1.3.6, which was
generated by GNU Autoconf 2.69.  Invocation command line was

  CONFIG_FILES    = 
  CONFIG_HEADERS  = 
  CONFIG_LINKS    = 
  CONFIG_COMMANDS = 
  $ ./config.status 

on DESKTOP-N8TC12F

config.status:1194: creating Makefile
config.status:1194: creating src/Makefile
config.status:1194: creating tests/Makefile
config.status:1194: creating examples/Makefile
config.status:1194: creating doc/Makefile
config.status:1194: creating benchmarks/Makefile
config.status:1194: creating cln.spec
config.status:1194: creating cln.pc
config.status:1194: creating autoconf/cl_config.h
config.status:1375: autoconf/cl_config.h is unchanged
config.status:1194: creating include/cln/config.h
config.status:1375: include/cln/config.h is unchanged
config.status:1194: creating include/cln/host_cpu.h
config.status:1375: include/cln/host_cpu.h is unchanged
config.status:1194: creating include/cln/version.h
config.status:1375: include/cln/version.h is unchanged
config.status:1194: creating src/base/cl_base_config.h
config.status:1375: src/base/cl_base_config.h is unchanged
config.status:1194: creating src/base/cl_gmpconfig.h
config.status:1375: src/base/cl_gmpconfig.h is unchanged
config.status:1194: creating src/timing/cl_t_config.h
config.status:1375: src/timing/cl_t_config.h is unchanged
config.status:1423: executing depfiles commands
config.status:1423: executing libtool commands

## ---------------- ##
## Cache variables. ##
## ---------------- ##

configure:17: WARNING: cache variable lt_cv_path_LD contains a newline
configure:17: WARNING: cache variable lt_cv_path_LDCXX contains a newline
ac_cv_build=x86_64-pc-mingw64
ac_cv_c_bigendian=no
ac_cv_c_char_unsigned=no
ac_cv_c_compiler_gnu=yes
ac_cv_cxx_compiler_gnu=yes
ac_cv_env_CCASFLAGS_set=
ac_cv_env_CCASFLAGS_value=
ac_cv_env_CCAS_set=
ac_cv_env_CCAS_value=
ac_cv_env_CCC_set=
ac_cv_env_CCC_value=
ac_cv_env_CC_set=
ac_cv_env_CC_value=
ac_cv_env_CFLAGS_set=
ac_cv_env_CFLAGS_value=
ac_cv_env_CPPFLAGS_set=
ac_cv_env_CPPFLAGS_value=
ac_cv_env_CPP_set=
ac_cv_env_CPP_value=
ac_cv_env_CXXCPP_set=
ac_cv_env_CXXCPP_value=
ac_cv_env_CXXFLAGS_set=
ac_cv_env_CXXFLAGS_value=
ac_cv_env_CXX_set=
ac_cv_env_CXX_value=
ac_cv_env_LDFLAGS_set=
ac_cv_env_LDFLAGS_value=
ac_cv_env_LIBS_set=
ac_cv_env_LIBS_value=
ac_cv_env_LT_SYS_LIBRARY_PATH_set=
ac_cv_env_LT_SYS_LIBRARY_PATH_value=
ac_cv_env_build_alias_set=
ac_cv_env_build_alias_value=
ac_cv_env_host_alias_set=
ac_cv_env_host_alias_value=
ac_cv_env_target_alias_set=
ac_cv_env_target_alias_value=
ac_cv_exeext=.exe
ac_cv_func_ftime=no
ac_cv_func_gettimeofday=yes
ac_cv_header_dlfcn_h=no
ac_cv_header_inttypes_h=yes
ac_cv_header_memory_h=yes
ac_cv_header_stdc=yes
ac_cv_header_stdint_h=yes
ac_cv_header_stdlib_h=yes
ac_cv_header_string_h=yes
ac_cv_header_strings_h=yes
ac_cv_header_sys_resource_h=no
ac_cv_header_sys_stat_h=yes
ac_cv_header_sys_times_h=no
ac_cv_header_sys_types_h=yes
ac_cv_header_unistd_h=yes
ac_cv_host=x86_64-pc-mingw64
ac_cv_objext=o
ac_cv_path_EGREP='/usr/bin/grep -E'
ac_cv_path_FGREP='/usr/bin/grep -F'
ac_cv_path_GREP=/usr/bin/grep
ac_cv_path_SED=/usr/bin/sed
ac_cv_path_install='/usr/bin/install -c'
ac_cv_path_lt_DD=/usr/bin/dd
ac_cv_path_mkdir=/usr/bin/mkdir
ac_cv_prog_AWK=gawk
ac_cv_prog_CPP='gcc -E'
ac_cv_prog_CXXCPP='g++ -E'
ac_cv_prog_ac_ct_AR=ar
ac_cv_prog_ac_ct_CC=gcc
ac_cv_prog_ac_ct_CXX=g++
ac_cv_prog_ac_ct_DLLTOOL=dlltool
ac_cv_prog_ac_ct_OBJDUMP=objdump
ac_cv_prog_ac_ct_RANLIB=ranlib
ac_cv_prog_ac_ct_STRIP=strip
ac_cv_prog_cc_c89=
ac_cv_prog_cc_g=yes
ac_cv_prog_cxx_g=yes
ac_cv_prog_make_make_set=yes
acl_cv_hardcode_direct=no
acl_cv_hardcode_libdir_flag_spec=' '
acl_cv_hardcode_libdir_separator=
acl_cv_hardcode_minus_L=no
acl_cv_libdirstems=lib,lib
acl_cv_libext=lib
acl_cv_libname_spec='lib$name'
acl_cv_library_names_spec='$libname.dll.a $libname.lib'
acl_cv_prog_gnu_ld=no
acl_cv_rpath=done
acl_cv_shlibext=dll
acl_cv_wl=-Wl,
am_cv_CCAS_dependencies_compiler_type=none
am_cv_CC_dependencies_compiler_type=none
am_cv_CXX_dependencies_compiler_type=none
am_cv_make_support_nested_variables=yes
am_cv_prog_cc_c_o=yes
ax_cv_cxx_compile_cxx11__std_gnupp11=yes
cl_cv_as_noexecstack=no
cl_cv_c_longdouble=yes
cl_cv_c_longlong=yes
cl_cv_file_floatparam_h=1
cl_cv_file_intparam_h=1
cl_cv_func_alloca=yes
cl_cv_have_attr_flatten=yes
cl_cv_header_alloca_h=no
cl_cv_host_x86_64=yes
cl_cv_new_gmp_h=no
cl_cv_prog_as_underscore=no
cl_cv_proto_gettimeofday='extern int gettimeofday (struct timeval *, void *);'
cl_cv_proto_gettimeofday_arg2='void *'
cl_cv_proto_gettimeofday_dots=no
cl_cv_proto_perror=yes
gl_cv_host_cpu_c_abi_32bit=no
lt_cv_ar_at_file=@
lt_cv_deplibs_check_method='file_magic ^x86 archive import|^x86 DLL'
lt_cv_file_magic_cmd=func_win32_libid
lt_cv_file_magic_test_file=
lt_cv_ld_reload_flag=-r
lt_cv_nm_interface='BSD nm'
lt_cv_objdir=.libs
lt_cv_path_NM='/c/Program Files/mingw-w64/x86_64-8.1.0-win32-seh-rt_v6-rev0/mingw64/bin/nm -B'
lt_cv_path_mainfest_tool=no
lt_cv_prog_compiler_c_o=yes
lt_cv_prog_compiler_c_o_CXX=yes
lt_cv_prog_compiler_pic='-DDLL_EXPORT -DPIC'
lt_cv_prog_compiler_pic_CXX='-DDLL_EXPORT -DPIC'
lt_cv_prog_compiler_pic_works=yes
lt_cv_prog_compiler_pic_works_CXX=yes
lt_cv_prog_compiler_rtti_exceptions=no
lt_cv_prog_compiler_static_works=yes
lt_cv_prog_compiler_static_works_CXX=yes
lt_cv_prog_gnu_ld=no
lt_cv_prog_gnu_ldcxx=no
lt_cv_sharedlib_from_linklib_cmd=func_cygming_dll_for_implib
lt_cv_sys_global_symbol_pipe=
lt_cv_sys_global_symbol_to_c_name_address='sed -n -e '\''s/^: \(.*\) .*$/  {"\1", (void *) 0},/p'\'' -e '\''s/^[ABCDGISTW][ABCDGISTW]* .* \(.*\)$/  {"\1", (void *) \&\1},/p'\'''
lt_cv_sys_global_symbol_to_c_name_address_lib_prefix='sed -n -e '\''s/^: \(.*\) .*$/  {"\1", (void *) 0},/p'\'' -e '\''s/^[ABCDGISTW][ABCDGISTW]* .* \(lib.*\)$/  {"\1", (void *) \&\1},/p'\'' -e '\''s/^[ABCDGISTW][ABCDGISTW]* .* \(.*\)$/  {"lib\1", (void *) \&\1},/p'\'''
lt_cv_sys_global_symbol_to_cdecl=
lt_cv_sys_global_symbol_to_import=
lt_cv_sys_max_cmd_len=8192
lt_cv_to_host_file_cmd=func_convert_file_msys_to_w32
lt_cv_to_tool_file_cmd=func_convert_file_msys_to_w32
lt_cv_truncate_bin='/usr/bin/dd bs=4096 count=1'

## ----------------- ##
## Output variables. ##
## ----------------- ##

ACLOCAL='${SHELL} /d/School/Grad/Code/my_hdc/c/cln-1.3.6/build-aux/missing aclocal-1.16'
ALLOCA=''
AMDEPBACKSLASH=''
AMDEP_FALSE=''
AMDEP_TRUE='#'
AMTAR='$${TAR-tar}'
AM_BACKSLASH='\'
AM_DEFAULT_V='$(AM_DEFAULT_VERBOSITY)'
AM_DEFAULT_VERBOSITY='1'
AM_V='$(V)'
AR='ar'
AS_UNDERSCORE='false'
AUTOCONF='${SHELL} /d/School/Grad/Code/my_hdc/c/cln-1.3.6/build-aux/missing autoconf'
AUTOHEADER='${SHELL} /d/School/Grad/Code/my_hdc/c/cln-1.3.6/build-aux/missing autoheader'
AUTOMAKE='${SHELL} /d/School/Grad/Code/my_hdc/c/cln-1.3.6/build-aux/missing automake-1.16'
AWK='gawk'
CC='gcc'
CCAS='gcc'
CCASDEPMODE='depmode=none'
CCASFLAGS='-g -O2'
CCDEPMODE='depmode=none'
CFLAGS='-g -O2'
CLNLIB_RPATH=' '
CL_VERSION='1.3.6'
CPP='gcc -E'
CPPFLAGS=''
CXX='g++ -std=gnu++11'
CXXCPP='g++ -E -std=gnu++11'
CXXDEPMODE='depmode=none'
CXXFLAGS='-g -O2'
CYGPATH_W='cygpath -w'
DEFS='-DHAVE_CONFIG_H'
DEPDIR='.deps'
DLLTOOL='dlltool'
DSYMUTIL=''
DUMPBIN=''
ECHO_C=''
ECHO_N='-n'
ECHO_T=''
EGREP='/usr/bin/grep -E'
EXEEXT='.exe'
FGREP='/usr/bin/grep -F'
Files/mingw-w64/x86_64-8.1.0-win32-seh-rt_v6-rev0/mingw64/x86_64-w64-mingw32/bin/ld.exe'
GMP_RPATH_CFG=''
GREP='/usr/bin/grep'
HAVE_CXX11='1'
INSTALL_DATA='${INSTALL} -m 644'
INSTALL_PROGRAM='${INSTALL}'
INSTALL_SCRIPT='${INSTALL}'
INSTALL_STRIP_PROGRAM='$(install_sh) -c -s'
LD='C:/Program
LDFLAGS=''
LIBOBJS=''
LIBS=''
LIBTOOL='/bin/sh $(top_builddir)/libtool'
LIPO=''
LN_S='cp -pR'
LTLIBOBJS=''
LT_SYS_LIBRARY_PATH=''
LT_VERSION_INFO='6:6:0'
MAKEINFO='${SHELL} /d/School/Grad/Code/my_hdc/c/cln-1.3.6/build-aux/missing makeinfo'
MANIFEST_TOOL=':'
MKDIR_P='/usr/bin/mkdir -p'
NM='/c/Program Files/mingw-w64/x86_64-8.1.0-win32-seh-rt_v6-rev0/mingw64/bin/nm -B'
NMEDIT=''
OBJDUMP='objdump'
OBJEXT='o'
OTOOL64=''
OTOOL=''
PACKAGE='cln'
PACKAGE_BUGREPORT=''
PACKAGE_NAME='cln'
PACKAGE_STRING='cln 1.3.6'
PACKAGE_TARNAME='cln'
PACKAGE_URL=''
PACKAGE_VERSION='1.3.6'
PATH_SEPARATOR=':'
RANLIB='ranlib'
SED='/usr/bin/sed'
SET_MAKE=''
SHELL='/bin/sh'
STRIP='strip'
VERSION='1.3.6'
ac_ct_AR='ar'
ac_ct_CC='gcc'
ac_ct_CXX='g++'
ac_ct_DUMPBIN=''
am__EXEEXT_FALSE='#'
am__EXEEXT_TRUE=''
am__fastdepCCAS_FALSE=''
am__fastdepCCAS_TRUE='#'
am__fastdepCC_FALSE=''
am__fastdepCC_TRUE='#'
am__fastdepCXX_FALSE=''
am__fastdepCXX_TRUE='#'
am__include='include'
am__isrc=''
am__leading_dot='.'
am__nodep=''
am__quote=''
am__tar='$${TAR-tar} chof - "$$tardir"'
am__untar='$${TAR-tar} xf -'
bindir='${exec_prefix}/bin'
build='x86_64-pc-mingw64'
build_alias=''
build_cpu='x86_64'
build_os='mingw64'
build_vendor='pc'
datadir='${datarootdir}'
datarootdir='${prefix}/share'
docdir='${datarootdir}/doc/${PACKAGE_TARNAME}'
dvidir='${docdir}'
exec_prefix='${prefix}'
host='x86_64-pc-mingw64'
host_alias=''
host_cpu='x86_64'
host_os='mingw64'
host_vendor='pc'
htmldir='${docdir}'
includedir='${prefix}/include'
infodir='${datarootdir}/info'
install_sh='${SHELL} /d/School/Grad/Code/my_hdc/c/cln-1.3.6/build-aux/install-sh'
libdir='${exec_prefix}/lib'
libexecdir='${exec_prefix}/libexec'
localedir='${datarootdir}/locale'
localstatedir='${prefix}/var'
mandir='${datarootdir}/man'
mkdir_p='$(MKDIR_P)'
oldincludedir='/usr/include'
pdfdir='${docdir}'
prefix='/usr/local'
program_transform_name='s,x,x,'
psdir='${docdir}'
runstatedir='${localstatedir}/run'
sbindir='${exec_prefix}/sbin'
sharedstatedir='${prefix}/com'
sysconfdir='${prefix}/etc'
target_alias=''

## ----------- ##
## confdefs.h. ##
## ----------- ##

/* confdefs.h */
#define PACKAGE_NAME "cln"
#define PACKAGE_TARNAME "cln"
#define PACKAGE_VERSION "1.3.6"
#define PACKAGE_STRING "cln 1.3.6"
#define PACKAGE_BUGREPORT ""
#define PACKAGE_URL ""
#define PACKAGE "cln"
#define VERSION "1.3.6"
#ifndef __x86_64__
#define __x86_64__ 1
#endif
#define STDC_HEADERS 1
#define HAVE_SYS_TYPES_H 1
#define HAVE_SYS_STAT_H 1
#define HAVE_STDLIB_H 1
#define HAVE_STRING_H 1
#define HAVE_MEMORY_H 1
#define HAVE_STRINGS_H 1
#define HAVE_INTTYPES_H 1
#define HAVE_STDINT_H 1
#define HAVE_UNISTD_H 1
#define LT_OBJDIR ".libs/"
#define CL_VERSION_MAJOR 1
#define CL_VERSION_MINOR 3
#define CL_VERSION_PATCHLEVEL 6
#define CL_VERSION 1.3.6
#define HAVE_CXX11 1
#define HAVE_LONGLONG /**/
#define HAVE_LONGDOUBLE /**/
#define HAVE_UNISTD_H 1
#define HAVE_GETTIMEOFDAY 1
#define GETTIMEOFDAY_TZP_T void *
#define HAVE_PERROR_DECL /**/
#define CL_HAVE_ATTRIBUTE_FLATTEN /**/

configure: exit 0
