Info: Generated by version: 23.3 build 104
Info: Starting: Create simulation model
Info: qsys-generate D:\School\Grad\Code\my_hdc\hdl\rtl\floating_point\fp_sqrt.ip --simulation=VERILOG --allow-mixed-language-simulation --simulator=MODELSIM --output-directory=D:\School\Grad\Code\my_hdc\hdl\rtl\floating_point\fp_sqrt --family="Cyclone 10 GX" --part=10CX220YF780I5G
Info: fp_sqrt: "Transforming system: fp_sqrt"
Info: fp_sqrt: "Naming system components in system: fp_sqrt"
Info: fp_sqrt: "Processing generation queue"
Info: fp_sqrt: "Generating: fp_sqrt"
Info: fp_sqrt: "Generating: fp_sqrt_altera_fp_functions_1917_hchdkjq"
Info: fp_functions_0: D:/programs/intelfpga_pro/23.3/quartus/dspba/backend/windows64/cmdPolyEval -target Cyclone10GX -frequency 400 -name none -noChanValid -enableHardFP 1 -printMachineReadable -noFileGenerate -speedgrade 5 FPSqrt 8 23
Info: fp_functions_0: D:/programs/intelfpga_pro/23.3/quartus/dspba/backend/windows64/cmdPolyEval -target Cyclone10GX -frequency 200 -name none -noChanValid -enableHardFP 1 -printMachineReadable -noFileGenerate -speedgrade 5 FPSqrt 8 23
Info: fp_functions_0: D:/programs/intelfpga_pro/23.3/quartus/dspba/backend/windows64/cmdPolyEval -target Cyclone10GX -frequency 300 -name none -noChanValid -enableHardFP 1 -printMachineReadable -noFileGenerate -speedgrade 5 FPSqrt 8 23
Info: fp_functions_0: D:/programs/intelfpga_pro/23.3/quartus/dspba/backend/windows64/cmdPolyEval -target Cyclone10GX -frequency 250 -name none -noChanValid -enableHardFP 1 -printMachineReadable -noFileGenerate -speedgrade 5 FPSqrt 8 23
Info: fp_functions_0: D:/programs/intelfpga_pro/23.3/quartus/dspba/backend/windows64/cmdPolyEval -target Cyclone10GX -frequency 225 -name none -noChanValid -enableHardFP 1 -printMachineReadable -noFileGenerate -speedgrade 5 FPSqrt 8 23
Info: fp_functions_0: D:/programs/intelfpga_pro/23.3/quartus/dspba/backend/windows64/cmdPolyEval -target Cyclone10GX -frequency 212 -name none -noChanValid -enableHardFP 1 -printMachineReadable -noFileGenerate -speedgrade 5 FPSqrt 8 23
Info: fp_functions_0: D:/programs/intelfpga_pro/23.3/quartus/dspba/backend/windows64/cmdPolyEval -target Cyclone10GX -frequency 205 -name none -noChanValid -enableHardFP 1 -printMachineReadable -noFileGenerate -speedgrade 5 FPSqrt 8 23
Info: fp_functions_0: D:/programs/intelfpga_pro/23.3/quartus/dspba/backend/windows64/cmdPolyEval -target Cyclone10GX -frequency 209 -name none -noChanValid -enableHardFP 1 -printMachineReadable -noFileGenerate -speedgrade 5 FPSqrt 8 23
Info: fp_functions_0: D:/programs/intelfpga_pro/23.3/quartus/dspba/backend/windows64/cmdPolyEval -target Cyclone10GX -frequency 211 -name none -noChanValid -enableHardFP 1 -printMachineReadable -noFileGenerate -speedgrade 5 FPSqrt 8 23
Info: fp_functions_0: D:/programs/intelfpga_pro/23.3/quartus/dspba/backend/windows64/cmdPolyEval -target Cyclone10GX -frequency 212 -name none -noChanValid -enableHardFP 1 -printMachineReadable -noFileGenerate -speedgrade 5 FPSqrt 8 23
Info: fp_functions_0: D:/programs/intelfpga_pro/23.3/quartus/dspba/backend/windows64/cmdPolyEval -target Cyclone10GX -frequency 211 -name none -noChanValid -enableHardFP 1 -printMachineReadable -noFileGenerate -speedgrade 5 FPSqrt 8 23
Info: fp_functions_0: D:/programs/intelfpga_pro/23.3/quartus/dspba/backend/windows64/cmdPolyEval -target Cyclone10GX -frequency 212 -name none -noChanValid -enableHardFP 1 -printMachineReadable -noFileGenerate -speedgrade 5 FPSqrt 8 23
Info: fp_functions_0: Could achieve 8 cycles latency maximum at Frequency 211 MHz, padding with registers to reach requested 8 cycles latency
Info: fp_functions_0: D:/programs/intelfpga_pro/23.3/quartus/dspba/backend/windows64/cmdPolyEval -target Cyclone10GX -frequency 211 -name fp_sqrt_altera_fp_functions_1917_hchdkjq -noChanValid -enableHardFP 1 -printMachineReadable -lang VHDL -constrainLatency 8 -speedgrade 5 FPSqrt 8 23
Info: fp_functions_0: DSP Blocks Used: 3
Info: fp_functions_0: LUTs Used: 243
Info: fp_functions_0: Memory Bits Used: 15872
Info: fp_functions_0: Memory Blocks Used: 3
Info: fp_sqrt: Done "fp_sqrt" with 2 modules, 7 files
Info: Generating the following file(s) for MODELSIM simulator in D:/School/Grad/Code/my_hdc/hdl/rtl/floating_point/fp_sqrt/sim/ directory:
Info: 	common/modelsim_files.tcl
Info: For information on how to simulate your IP, see the explanatory comments in the simulator-specific subdirectories under D:/School/Grad/Code/my_hdc/hdl/rtl/floating_point/fp_sqrt/sim/.
Info: Regenerate these scripts whenever you make any change to any Quartus-generated IP in your project.
Info: Finished: Create simulation model
Info: Starting: Create simulation script
Info: sim-script-gen --system-file=D:\School\Grad\Code\my_hdc\hdl\rtl\floating_point\fp_sqrt.ip --simulator=MODELSIM --output-directory=D:/School/Grad/Code/my_hdc/hdl/rtl/floating_point/fp_sqrt/sim/ --use-relative-paths=true
Info: Generating the following file(s) for MODELSIM simulator in D:/School/Grad/Code/my_hdc/hdl/rtl/floating_point/fp_sqrt/sim/ directory:
Info: 	mentor/msim_setup.tcl
Info: For information on how to simulate your IP, see the explanatory comments in the simulator-specific subdirectories under D:/School/Grad/Code/my_hdc/hdl/rtl/floating_point/fp_sqrt/sim/.
Info: Regenerate these scripts whenever you make any change to any Quartus-generated IP in your project.
Info: Finished: Create simulation script
Info: Starting: Create block symbol file (.bsf)
Info: qsys-generate D:\School\Grad\Code\my_hdc\hdl\rtl\floating_point\fp_sqrt.ip --block-symbol-file --output-directory=D:\School\Grad\Code\my_hdc\hdl\rtl\floating_point\fp_sqrt --family="Cyclone 10 GX" --part=10CX220YF780I5G
Info: Finished: Create block symbol file (.bsf)
Info: 
Info: Starting: Create HDL design files for synthesis
Info: qsys-generate D:\School\Grad\Code\my_hdc\hdl\rtl\floating_point\fp_sqrt.ip --synthesis=VERILOG --output-directory=D:\School\Grad\Code\my_hdc\hdl\rtl\floating_point\fp_sqrt --family="Cyclone 10 GX" --part=10CX220YF780I5G
Info: fp_sqrt: "Transforming system: fp_sqrt"
Info: fp_sqrt: "Naming system components in system: fp_sqrt"
Info: fp_sqrt: "Processing generation queue"
Info: fp_sqrt: "Generating: fp_sqrt"
Info: fp_sqrt: "Generating: fp_sqrt_altera_fp_functions_1917_hchdkjq"
Info: fp_functions_0: D:/programs/intelfpga_pro/23.3/quartus/dspba/backend/windows64/cmdPolyEval -target Cyclone10GX -frequency 400 -name none -noChanValid -enableHardFP 1 -printMachineReadable -noFileGenerate -speedgrade 5 FPSqrt 8 23
Info: fp_functions_0: D:/programs/intelfpga_pro/23.3/quartus/dspba/backend/windows64/cmdPolyEval -target Cyclone10GX -frequency 200 -name none -noChanValid -enableHardFP 1 -printMachineReadable -noFileGenerate -speedgrade 5 FPSqrt 8 23
Info: fp_functions_0: D:/programs/intelfpga_pro/23.3/quartus/dspba/backend/windows64/cmdPolyEval -target Cyclone10GX -frequency 300 -name none -noChanValid -enableHardFP 1 -printMachineReadable -noFileGenerate -speedgrade 5 FPSqrt 8 23
Info: fp_functions_0: D:/programs/intelfpga_pro/23.3/quartus/dspba/backend/windows64/cmdPolyEval -target Cyclone10GX -frequency 250 -name none -noChanValid -enableHardFP 1 -printMachineReadable -noFileGenerate -speedgrade 5 FPSqrt 8 23
Info: fp_functions_0: D:/programs/intelfpga_pro/23.3/quartus/dspba/backend/windows64/cmdPolyEval -target Cyclone10GX -frequency 225 -name none -noChanValid -enableHardFP 1 -printMachineReadable -noFileGenerate -speedgrade 5 FPSqrt 8 23
Info: fp_functions_0: D:/programs/intelfpga_pro/23.3/quartus/dspba/backend/windows64/cmdPolyEval -target Cyclone10GX -frequency 212 -name none -noChanValid -enableHardFP 1 -printMachineReadable -noFileGenerate -speedgrade 5 FPSqrt 8 23
Info: fp_functions_0: D:/programs/intelfpga_pro/23.3/quartus/dspba/backend/windows64/cmdPolyEval -target Cyclone10GX -frequency 205 -name none -noChanValid -enableHardFP 1 -printMachineReadable -noFileGenerate -speedgrade 5 FPSqrt 8 23
Info: fp_functions_0: D:/programs/intelfpga_pro/23.3/quartus/dspba/backend/windows64/cmdPolyEval -target Cyclone10GX -frequency 209 -name none -noChanValid -enableHardFP 1 -printMachineReadable -noFileGenerate -speedgrade 5 FPSqrt 8 23
Info: fp_functions_0: D:/programs/intelfpga_pro/23.3/quartus/dspba/backend/windows64/cmdPolyEval -target Cyclone10GX -frequency 211 -name none -noChanValid -enableHardFP 1 -printMachineReadable -noFileGenerate -speedgrade 5 FPSqrt 8 23
Info: fp_functions_0: D:/programs/intelfpga_pro/23.3/quartus/dspba/backend/windows64/cmdPolyEval -target Cyclone10GX -frequency 212 -name none -noChanValid -enableHardFP 1 -printMachineReadable -noFileGenerate -speedgrade 5 FPSqrt 8 23
Info: fp_functions_0: D:/programs/intelfpga_pro/23.3/quartus/dspba/backend/windows64/cmdPolyEval -target Cyclone10GX -frequency 211 -name none -noChanValid -enableHardFP 1 -printMachineReadable -noFileGenerate -speedgrade 5 FPSqrt 8 23
Info: fp_functions_0: D:/programs/intelfpga_pro/23.3/quartus/dspba/backend/windows64/cmdPolyEval -target Cyclone10GX -frequency 212 -name none -noChanValid -enableHardFP 1 -printMachineReadable -noFileGenerate -speedgrade 5 FPSqrt 8 23
Info: fp_functions_0: Could achieve 8 cycles latency maximum at Frequency 211 MHz, padding with registers to reach requested 8 cycles latency
Info: fp_functions_0: D:/programs/intelfpga_pro/23.3/quartus/dspba/backend/windows64/cmdPolyEval -target Cyclone10GX -frequency 211 -name fp_sqrt_altera_fp_functions_1917_hchdkjq -noChanValid -enableHardFP 1 -printMachineReadable -lang VHDL -constrainLatency 8 -speedgrade 5 FPSqrt 8 23
Info: fp_functions_0: DSP Blocks Used: 3
Info: fp_functions_0: LUTs Used: 243
Info: fp_functions_0: Memory Bits Used: 15872
Info: fp_functions_0: Memory Blocks Used: 3
Info: fp_sqrt: Done "fp_sqrt" with 2 modules, 7 files
Info: Finished: Create HDL design files for synthesis
Info: Starting: Generate IP Core Documentation
Info: No documentation filesets were found for components in fp_sqrt. No files generated.
Info: Finished: Generate IP Core Documentation
